Watching for file changes with StatReloader
Not Found: /
"GET / HTTP/1.1" 404 2623
Not Found: /favicon.ico
"GET /favicon.ico HTTP/1.1" 404 2674
"GET /admin/ HTTP/1.1" 302 0
"GET /admin/login/?next=/admin/ HTTP/1.1" 200 4173
"GET /static/admin/css/dark_mode.css HTTP/1.1" 304 0
"GET /static/admin/css/base.css HTTP/1.1" 304 0
"GET /static/admin/js/theme.js HTTP/1.1" 304 0
"GET /static/admin/css/nav_sidebar.css HTTP/1.1" 304 0
"GET /static/admin/css/responsive.css HTTP/1.1" 304 0
"GET /static/admin/css/login.css HTTP/1.1" 304 0
"GET /static/admin/js/nav_sidebar.js HTTP/1.1" 304 0
"POST /admin/login/?next=/admin/ HTTP/1.1" 302 0
"GET /admin/ HTTP/1.1" 200 15667
"GET /static/admin/css/dashboard.css HTTP/1.1" 304 0
"GET /static/admin/img/icon-addlink.svg HTTP/1.1" 304 0
"GET /static/admin/img/icon-changelink.svg HTTP/1.1" 304 0
Internal Server Error: /admin/backend/proposal/
Traceback (most recent call last):
  File "/home/muli/Desktop/cRAZY/SPMS/.venv/lib/python3.12/site-packages/django/db/backends/utils.py", line 105, in _execute
    return self.cursor.execute(sql, params)
           ^^^^^^^^^^^^^^^^^^^^^^^^^^^^^^^^
  File "/home/muli/Desktop/cRAZY/SPMS/.venv/lib/python3.12/site-packages/django/db/backends/sqlite3/base.py", line 360, in execute
    return super().execute(query, params)
           ^^^^^^^^^^^^^^^^^^^^^^^^^^^^^^
sqlite3.OperationalError: no such column: backend_proposal.submitted_by_id

The above exception was the direct cause of the following exception:

Traceback (most recent call last):
  File "/home/muli/Desktop/cRAZY/SPMS/.venv/lib/python3.12/site-packages/django/core/handlers/exception.py", line 55, in inner
    response = get_response(request)
               ^^^^^^^^^^^^^^^^^^^^^
  File "/home/muli/Desktop/cRAZY/SPMS/.venv/lib/python3.12/site-packages/django/core/handlers/base.py", line 197, in _get_response
    response = wrapped_callback(request, *callback_args, **callback_kwargs)
               ^^^^^^^^^^^^^^^^^^^^^^^^^^^^^^^^^^^^^^^^^^^^^^^^^^^^^^^^^^^^
  File "/home/muli/Desktop/cRAZY/SPMS/.venv/lib/python3.12/site-packages/django/contrib/admin/options.py", line 719, in wrapper
    return self.admin_site.admin_view(view)(*args, **kwargs)
           ^^^^^^^^^^^^^^^^^^^^^^^^^^^^^^^^^^^^^^^^^^^^^^^^^
  File "/home/muli/Desktop/cRAZY/SPMS/.venv/lib/python3.12/site-packages/django/utils/decorators.py", line 192, in _view_wrapper
    result = _process_exception(request, e)
             ^^^^^^^^^^^^^^^^^^^^^^^^^^^^^^
  File "/home/muli/Desktop/cRAZY/SPMS/.venv/lib/python3.12/site-packages/django/utils/decorators.py", line 190, in _view_wrapper
    response = view_func(request, *args, **kwargs)
               ^^^^^^^^^^^^^^^^^^^^^^^^^^^^^^^^^^^
  File "/home/muli/Desktop/cRAZY/SPMS/.venv/lib/python3.12/site-packages/django/views/decorators/cache.py", line 80, in _view_wrapper
    response = view_func(request, *args, **kwargs)
               ^^^^^^^^^^^^^^^^^^^^^^^^^^^^^^^^^^^
  File "/home/muli/Desktop/cRAZY/SPMS/.venv/lib/python3.12/site-packages/django/contrib/admin/sites.py", line 246, in inner
    return view(request, *args, **kwargs)
           ^^^^^^^^^^^^^^^^^^^^^^^^^^^^^^
  File "/home/muli/Desktop/cRAZY/SPMS/.venv/lib/python3.12/site-packages/django/utils/decorators.py", line 48, in _wrapper
    return bound_method(*args, **kwargs)
           ^^^^^^^^^^^^^^^^^^^^^^^^^^^^^
  File "/home/muli/Desktop/cRAZY/SPMS/.venv/lib/python3.12/site-packages/django/utils/decorators.py", line 192, in _view_wrapper
    result = _process_exception(request, e)
             ^^^^^^^^^^^^^^^^^^^^^^^^^^^^^^
  File "/home/muli/Desktop/cRAZY/SPMS/.venv/lib/python3.12/site-packages/django/utils/decorators.py", line 190, in _view_wrapper
    response = view_func(request, *args, **kwargs)
               ^^^^^^^^^^^^^^^^^^^^^^^^^^^^^^^^^^^
  File "/home/muli/Desktop/cRAZY/SPMS/.venv/lib/python3.12/site-packages/django/contrib/admin/options.py", line 2163, in changelist_view
    "selection_note": _("0 of %(cnt)s selected") % {"cnt": len(cl.result_list)},
                                                           ^^^^^^^^^^^^^^^^^^^
  File "/home/muli/Desktop/cRAZY/SPMS/.venv/lib/python3.12/site-packages/django/db/models/query.py", line 366, in __len__
    self._fetch_all()
  File "/home/muli/Desktop/cRAZY/SPMS/.venv/lib/python3.12/site-packages/django/db/models/query.py", line 1949, in _fetch_all
    self._result_cache = list(self._iterable_class(self))
                         ^^^^^^^^^^^^^^^^^^^^^^^^^^^^^^^^
  File "/home/muli/Desktop/cRAZY/SPMS/.venv/lib/python3.12/site-packages/django/db/models/query.py", line 91, in __iter__
    results = compiler.execute_sql(
              ^^^^^^^^^^^^^^^^^^^^^
  File "/home/muli/Desktop/cRAZY/SPMS/.venv/lib/python3.12/site-packages/django/db/models/sql/compiler.py", line 1623, in execute_sql
    cursor.execute(sql, params)
  File "/home/muli/Desktop/cRAZY/SPMS/.venv/lib/python3.12/site-packages/django/db/backends/utils.py", line 122, in execute
    return super().execute(sql, params)
           ^^^^^^^^^^^^^^^^^^^^^^^^^^^^
  File "/home/muli/Desktop/cRAZY/SPMS/.venv/lib/python3.12/site-packages/django/db/backends/utils.py", line 79, in execute
    return self._execute_with_wrappers(
           ^^^^^^^^^^^^^^^^^^^^^^^^^^^^
  File "/home/muli/Desktop/cRAZY/SPMS/.venv/lib/python3.12/site-packages/django/db/backends/utils.py", line 92, in _execute_with_wrappers
    return executor(sql, params, many, context)
           ^^^^^^^^^^^^^^^^^^^^^^^^^^^^^^^^^^^^
  File "/home/muli/Desktop/cRAZY/SPMS/.venv/lib/python3.12/site-packages/django/db/backends/utils.py", line 100, in _execute
    with self.db.wrap_database_errors:
  File "/home/muli/Desktop/cRAZY/SPMS/.venv/lib/python3.12/site-packages/django/db/utils.py", line 91, in __exit__
    raise dj_exc_value.with_traceback(traceback) from exc_value
  File "/home/muli/Desktop/cRAZY/SPMS/.venv/lib/python3.12/site-packages/django/db/backends/utils.py", line 105, in _execute
    return self.cursor.execute(sql, params)
           ^^^^^^^^^^^^^^^^^^^^^^^^^^^^^^^^
  File "/home/muli/Desktop/cRAZY/SPMS/.venv/lib/python3.12/site-packages/django/db/backends/sqlite3/base.py", line 360, in execute
    return super().execute(query, params)
           ^^^^^^^^^^^^^^^^^^^^^^^^^^^^^^
django.db.utils.OperationalError: no such column: backend_proposal.submitted_by_id
"GET /admin/backend/proposal/ HTTP/1.1" 500 185669
/home/muli/Desktop/cRAZY/SPMS/backend/models/proposal.py changed, reloading.
Watching for file changes with StatReloader
/home/muli/Desktop/cRAZY/SPMS/backend/models/proposal.py changed, reloading.
Watching for file changes with StatReloader
/home/muli/Desktop/cRAZY/SPMS/backend/models/proposal.py changed, reloading.
Watching for file changes with StatReloader
/home/muli/Desktop/cRAZY/SPMS/backend/models/proposal.py changed, reloading.
Watching for file changes with StatReloader
/home/muli/Desktop/cRAZY/SPMS/backend/models/proposal.py changed, reloading.
Watching for file changes with StatReloader
Watching for file changes with StatReloader
"GET /admin/backend/proposal/ HTTP/1.1" 200 16666
"GET /static/admin/css/changelists.css HTTP/1.1" 304 0
"GET /static/admin/js/actions.js HTTP/1.1" 304 0
"GET /static/admin/js/vendor/jquery/jquery.js HTTP/1.1" 304 0
"GET /static/admin/js/core.js HTTP/1.1" 304 0
"GET /static/admin/js/urlify.js HTTP/1.1" 304 0
"GET /static/admin/js/jquery.init.js HTTP/1.1" 304 0
"GET /static/admin/js/admin/RelatedObjectLookups.js HTTP/1.1" 304 0
"GET /static/admin/js/prepopulate.js HTTP/1.1" 304 0
"GET /static/admin/js/vendor/xregexp/xregexp.js HTTP/1.1" 304 0
"GET /admin/jsi18n/ HTTP/1.1" 200 3342
"GET /static/admin/js/filters.js HTTP/1.1" 304 0
"GET /static/admin/img/tooltag-add.svg HTTP/1.1" 304 0
"POST /admin/backend/proposal/ HTTP/1.1" 200 15169
"GET /static/admin/js/cancel.js HTTP/1.1" 200 884
"POST /admin/backend/proposal/ HTTP/1.1" 302 0
"GET /admin/backend/proposal/ HTTP/1.1" 200 14904
"GET /admin/jsi18n/ HTTP/1.1" 200 3342
"GET /static/admin/img/icon-yes.svg HTTP/1.1" 304 0
/home/muli/Desktop/cRAZY/SPMS/backend/models/proposal.py changed, reloading.
Watching for file changes with StatReloader
/home/muli/Desktop/cRAZY/SPMS/backend/models/proposal.py changed, reloading.
Watching for file changes with StatReloader
Watching for file changes with StatReloader
Watching for file changes with StatReloader
"OPTIONS /api/login/ HTTP/1.1" 200 0
"POST /api/login/ HTTP/1.1" 200 102
"OPTIONS /api/dashboard/student/ HTTP/1.1" 200 0
"GET /api/dashboard/student/ HTTP/1.1" 200 210
"GET /admin/backend/proposal/ HTTP/1.1" 200 14765
Not Found: /favicon.ico
"GET /favicon.ico HTTP/1.1" 404 2674
"POST /api/login/ HTTP/1.1" 200 102
"GET /api/dashboard/student/ HTTP/1.1" 200 210
"OPTIONS /projects/16/proposals HTTP/1.1" 200 0
Not Found: /projects/16/proposals
"POST /projects/16/proposals HTTP/1.1" 404 2705
/home/muli/Desktop/cRAZY/SPMS/backend/serializers/proposal_serializer.py changed, reloading.
Watching for file changes with StatReloader
/home/muli/Desktop/cRAZY/SPMS/backend/serializers/proposal_serializer.py changed, reloading.
Watching for file changes with StatReloader
/home/muli/Desktop/cRAZY/SPMS/backend/serializers/proposal_serializer.py changed, reloading.
Watching for file changes with StatReloader
/home/muli/Desktop/cRAZY/SPMS/backend/serializers/proposal_serializer.py changed, reloading.
Watching for file changes with StatReloader
/home/muli/Desktop/cRAZY/SPMS/backend/views/proposal_upload.py changed, reloading.
Watching for file changes with StatReloader
/home/muli/Desktop/cRAZY/SPMS/backend/views/proposal_upload.py changed, reloading.
Watching for file changes with StatReloader
/home/muli/Desktop/cRAZY/SPMS/backend/urls.py changed, reloading.
Watching for file changes with StatReloader
"POST /api/login/ HTTP/1.1" 200 102
"GET /api/dashboard/student/ HTTP/1.1" 200 210
"OPTIONS /api/projects/16/proposals HTTP/1.1" 200 0
Unauthorized: /api/projects/16/proposals
"POST /api/projects/16/proposals HTTP/1.1" 401 58
"POST /api/login/ HTTP/1.1" 200 102
"GET /api/dashboard/student/ HTTP/1.1" 200 210
Proposal upload attempt by user: Maasai
Request data: <QueryDict: {'project_id': ['16'], 'proposal_file': [<InMemoryUploadedFile: Security domains cybersecurity analysts need to know.docx (application/octet-stream)>]}>
Request files: <MultiValueDict: {'proposal_file': [<InMemoryUploadedFile: Security domains cybersecurity analysts need to know.docx (application/octet-stream)>]}>
Proposal upload error: Field name `submission_notes` is not valid for model `Proposal` in `backend.serializers.proposal_serializer.ProposalUploadSerializer`.
Traceback (most recent call last):
  File "/home/muli/Desktop/cRAZY/SPMS/backend/views/proposal_upload.py", line 31, in create
    if serializer.is_valid():
       ^^^^^^^^^^^^^^^^^^^^^
  File "/home/muli/Desktop/cRAZY/SPMS/.venv/lib/python3.12/site-packages/rest_framework/serializers.py", line 225, in is_valid
    self._validated_data = self.run_validation(self.initial_data)
                           ^^^^^^^^^^^^^^^^^^^^^^^^^^^^^^^^^^^^^^
  File "/home/muli/Desktop/cRAZY/SPMS/.venv/lib/python3.12/site-packages/rest_framework/serializers.py", line 444, in run_validation
    value = self.to_internal_value(data)
            ^^^^^^^^^^^^^^^^^^^^^^^^^^^^
  File "/home/muli/Desktop/cRAZY/SPMS/.venv/lib/python3.12/site-packages/rest_framework/serializers.py", line 497, in to_internal_value
    for field in fields:
  File "/home/muli/Desktop/cRAZY/SPMS/.venv/lib/python3.12/site-packages/rest_framework/serializers.py", line 380, in _writable_fields
    for field in self.fields.values():
                 ^^^^^^^^^^^
  File "/home/muli/Desktop/cRAZY/SPMS/.venv/lib/python3.12/site-packages/django/utils/functional.py", line 47, in __get__
    res = instance.__dict__[self.name] = self.func(instance)
                                         ^^^^^^^^^^^^^^^^^^^
  File "/home/muli/Desktop/cRAZY/SPMS/.venv/lib/python3.12/site-packages/rest_framework/serializers.py", line 374, in fields
    for key, value in self.get_fields().items():
                      ^^^^^^^^^^^^^^^^^
  File "/home/muli/Desktop/cRAZY/SPMS/.venv/lib/python3.12/site-packages/rest_framework/serializers.py", line 1105, in get_fields
    field_class, field_kwargs = self.build_field(
                                ^^^^^^^^^^^^^^^^^
  File "/home/muli/Desktop/cRAZY/SPMS/.venv/lib/python3.12/site-packages/rest_framework/serializers.py", line 1251, in build_field
    return self.build_unknown_field(field_name, model_class)
           ^^^^^^^^^^^^^^^^^^^^^^^^^^^^^^^^^^^^^^^^^^^^^^^^^
  File "/home/muli/Desktop/cRAZY/SPMS/.venv/lib/python3.12/site-packages/rest_framework/serializers.py", line 1369, in build_unknown_field
    raise ImproperlyConfigured(
django.core.exceptions.ImproperlyConfigured: Field name `submission_notes` is not valid for model `Proposal` in `backend.serializers.proposal_serializer.ProposalUploadSerializer`.
Internal Server Error: /api/projects/16/proposals
"POST /api/projects/16/proposals HTTP/1.1" 500 179
/home/muli/Desktop/cRAZY/SPMS/backend/serializers/proposal_serializer.py changed, reloading.
Watching for file changes with StatReloader
Proposal upload attempt by user: Maasai
Request data: <QueryDict: {'project_id': ['16'], 'proposal_file': [<InMemoryUploadedFile: Security domains cybersecurity analysts need to know.docx (application/octet-stream)>]}>
Request files: <MultiValueDict: {'proposal_file': [<InMemoryUploadedFile: Security domains cybersecurity analysts need to know.docx (application/octet-stream)>]}>
Proposal upload error: Cannot resolve keyword 'is_active' into field. Choices are: description, id, proposals, status, student, student_id, submitted_at, supervisor, supervisor_id, title
Traceback (most recent call last):
  File "/home/muli/Desktop/cRAZY/SPMS/backend/views/proposal_upload.py", line 31, in create
    if serializer.is_valid():
       ^^^^^^^^^^^^^^^^^^^^^
  File "/home/muli/Desktop/cRAZY/SPMS/.venv/lib/python3.12/site-packages/rest_framework/serializers.py", line 225, in is_valid
    self._validated_data = self.run_validation(self.initial_data)
                           ^^^^^^^^^^^^^^^^^^^^^^^^^^^^^^^^^^^^^^
  File "/home/muli/Desktop/cRAZY/SPMS/.venv/lib/python3.12/site-packages/rest_framework/serializers.py", line 444, in run_validation
    value = self.to_internal_value(data)
            ^^^^^^^^^^^^^^^^^^^^^^^^^^^^
  File "/home/muli/Desktop/cRAZY/SPMS/.venv/lib/python3.12/site-packages/rest_framework/serializers.py", line 503, in to_internal_value
    validated_value = validate_method(validated_value)
                      ^^^^^^^^^^^^^^^^^^^^^^^^^^^^^^^^
  File "/home/muli/Desktop/cRAZY/SPMS/backend/serializers/proposal_serializer.py", line 34, in validate_project_id
    project = Project.objects.get(id=value, is_active=True)
              ^^^^^^^^^^^^^^^^^^^^^^^^^^^^^^^^^^^^^^^^^^^^^
  File "/home/muli/Desktop/cRAZY/SPMS/.venv/lib/python3.12/site-packages/django/db/models/manager.py", line 87, in manager_method
    return getattr(self.get_queryset(), name)(*args, **kwargs)
           ^^^^^^^^^^^^^^^^^^^^^^^^^^^^^^^^^^^^^^^^^^^^^^^^^^^
  File "/home/muli/Desktop/cRAZY/SPMS/.venv/lib/python3.12/site-packages/django/db/models/query.py", line 619, in get
    clone = self._chain() if self.query.combinator else self.filter(*args, **kwargs)
                                                        ^^^^^^^^^^^^^^^^^^^^^^^^^^^^
  File "/home/muli/Desktop/cRAZY/SPMS/.venv/lib/python3.12/site-packages/django/db/models/query.py", line 1493, in filter
    return self._filter_or_exclude(False, args, kwargs)
           ^^^^^^^^^^^^^^^^^^^^^^^^^^^^^^^^^^^^^^^^^^^^
  File "/home/muli/Desktop/cRAZY/SPMS/.venv/lib/python3.12/site-packages/django/db/models/query.py", line 1511, in _filter_or_exclude
    clone._filter_or_exclude_inplace(negate, args, kwargs)
  File "/home/muli/Desktop/cRAZY/SPMS/.venv/lib/python3.12/site-packages/django/db/models/query.py", line 1518, in _filter_or_exclude_inplace
    self._query.add_q(Q(*args, **kwargs))
  File "/home/muli/Desktop/cRAZY/SPMS/.venv/lib/python3.12/site-packages/django/db/models/sql/query.py", line 1646, in add_q
    clause, _ = self._add_q(q_object, can_reuse)
                ^^^^^^^^^^^^^^^^^^^^^^^^^^^^^^^^
  File "/home/muli/Desktop/cRAZY/SPMS/.venv/lib/python3.12/site-packages/django/db/models/sql/query.py", line 1678, in _add_q
    child_clause, needed_inner = self.build_filter(
                                 ^^^^^^^^^^^^^^^^^^
  File "/home/muli/Desktop/cRAZY/SPMS/.venv/lib/python3.12/site-packages/django/db/models/sql/query.py", line 1526, in build_filter
    lookups, parts, reffed_expression = self.solve_lookup_type(arg, summarize)
                                        ^^^^^^^^^^^^^^^^^^^^^^^^^^^^^^^^^^^^^^
  File "/home/muli/Desktop/cRAZY/SPMS/.venv/lib/python3.12/site-packages/django/db/models/sql/query.py", line 1333, in solve_lookup_type
    _, field, _, lookup_parts = self.names_to_path(lookup_splitted, self.get_meta())
                                ^^^^^^^^^^^^^^^^^^^^^^^^^^^^^^^^^^^^^^^^^^^^^^^^^^^^
  File "/home/muli/Desktop/cRAZY/SPMS/.venv/lib/python3.12/site-packages/django/db/models/sql/query.py", line 1805, in names_to_path
    raise FieldError(
django.core.exceptions.FieldError: Cannot resolve keyword 'is_active' into field. Choices are: description, id, proposals, status, student, student_id, submitted_at, supervisor, supervisor_id, title
Internal Server Error: /api/projects/16/proposals
"POST /api/projects/16/proposals HTTP/1.1" 500 208
Proposal upload attempt by user: Maasai
Request data: <QueryDict: {'project_id': ['16'], 'proposal_file': [<InMemoryUploadedFile: Security domains cybersecurity analysts need to know.docx (application/octet-stream)>]}>
Request files: <MultiValueDict: {'proposal_file': [<InMemoryUploadedFile: Security domains cybersecurity analysts need to know.docx (application/octet-stream)>]}>
Proposal upload error: Cannot resolve keyword 'is_active' into field. Choices are: description, id, proposals, status, student, student_id, submitted_at, supervisor, supervisor_id, title
Traceback (most recent call last):
  File "/home/muli/Desktop/cRAZY/SPMS/backend/views/proposal_upload.py", line 31, in create
    if serializer.is_valid():
       ^^^^^^^^^^^^^^^^^^^^^
  File "/home/muli/Desktop/cRAZY/SPMS/.venv/lib/python3.12/site-packages/rest_framework/serializers.py", line 225, in is_valid
    self._validated_data = self.run_validation(self.initial_data)
                           ^^^^^^^^^^^^^^^^^^^^^^^^^^^^^^^^^^^^^^
  File "/home/muli/Desktop/cRAZY/SPMS/.venv/lib/python3.12/site-packages/rest_framework/serializers.py", line 444, in run_validation
    value = self.to_internal_value(data)
            ^^^^^^^^^^^^^^^^^^^^^^^^^^^^
  File "/home/muli/Desktop/cRAZY/SPMS/.venv/lib/python3.12/site-packages/rest_framework/serializers.py", line 503, in to_internal_value
    validated_value = validate_method(validated_value)
                      ^^^^^^^^^^^^^^^^^^^^^^^^^^^^^^^^
  File "/home/muli/Desktop/cRAZY/SPMS/backend/serializers/proposal_serializer.py", line 34, in validate_project_id
    project = Project.objects.get(id=value, is_active=True)
              ^^^^^^^^^^^^^^^^^^^^^^^^^^^^^^^^^^^^^^^^^^^^^
  File "/home/muli/Desktop/cRAZY/SPMS/.venv/lib/python3.12/site-packages/django/db/models/manager.py", line 87, in manager_method
    return getattr(self.get_queryset(), name)(*args, **kwargs)
           ^^^^^^^^^^^^^^^^^^^^^^^^^^^^^^^^^^^^^^^^^^^^^^^^^^^
  File "/home/muli/Desktop/cRAZY/SPMS/.venv/lib/python3.12/site-packages/django/db/models/query.py", line 619, in get
    clone = self._chain() if self.query.combinator else self.filter(*args, **kwargs)
                                                        ^^^^^^^^^^^^^^^^^^^^^^^^^^^^
  File "/home/muli/Desktop/cRAZY/SPMS/.venv/lib/python3.12/site-packages/django/db/models/query.py", line 1493, in filter
    return self._filter_or_exclude(False, args, kwargs)
           ^^^^^^^^^^^^^^^^^^^^^^^^^^^^^^^^^^^^^^^^^^^^
  File "/home/muli/Desktop/cRAZY/SPMS/.venv/lib/python3.12/site-packages/django/db/models/query.py", line 1511, in _filter_or_exclude
    clone._filter_or_exclude_inplace(negate, args, kwargs)
  File "/home/muli/Desktop/cRAZY/SPMS/.venv/lib/python3.12/site-packages/django/db/models/query.py", line 1518, in _filter_or_exclude_inplace
    self._query.add_q(Q(*args, **kwargs))
  File "/home/muli/Desktop/cRAZY/SPMS/.venv/lib/python3.12/site-packages/django/db/models/sql/query.py", line 1646, in add_q
    clause, _ = self._add_q(q_object, can_reuse)
                ^^^^^^^^^^^^^^^^^^^^^^^^^^^^^^^^
  File "/home/muli/Desktop/cRAZY/SPMS/.venv/lib/python3.12/site-packages/django/db/models/sql/query.py", line 1678, in _add_q
    child_clause, needed_inner = self.build_filter(
                                 ^^^^^^^^^^^^^^^^^^
  File "/home/muli/Desktop/cRAZY/SPMS/.venv/lib/python3.12/site-packages/django/db/models/sql/query.py", line 1526, in build_filter
    lookups, parts, reffed_expression = self.solve_lookup_type(arg, summarize)
                                        ^^^^^^^^^^^^^^^^^^^^^^^^^^^^^^^^^^^^^^
  File "/home/muli/Desktop/cRAZY/SPMS/.venv/lib/python3.12/site-packages/django/db/models/sql/query.py", line 1333, in solve_lookup_type
    _, field, _, lookup_parts = self.names_to_path(lookup_splitted, self.get_meta())
                                ^^^^^^^^^^^^^^^^^^^^^^^^^^^^^^^^^^^^^^^^^^^^^^^^^^^^
  File "/home/muli/Desktop/cRAZY/SPMS/.venv/lib/python3.12/site-packages/django/db/models/sql/query.py", line 1805, in names_to_path
    raise FieldError(
django.core.exceptions.FieldError: Cannot resolve keyword 'is_active' into field. Choices are: description, id, proposals, status, student, student_id, submitted_at, supervisor, supervisor_id, title
Internal Server Error: /api/projects/16/proposals
"POST /api/projects/16/proposals HTTP/1.1" 500 208
/home/muli/Desktop/cRAZY/SPMS/backend/serializers/proposal_serializer.py changed, reloading.
Watching for file changes with StatReloader
Proposal upload attempt by user: Maasai
Request data: <QueryDict: {'project_id': ['16'], 'proposal_file': [<InMemoryUploadedFile: Security domains cybersecurity analysts need to know.docx (application/octet-stream)>]}>
Request files: <MultiValueDict: {'proposal_file': [<InMemoryUploadedFile: Security domains cybersecurity analysts need to know.docx (application/octet-stream)>]}>
Proposal uploaded successfully: 1
"POST /api/projects/16/proposals HTTP/1.1" 201 819
"GET /admin/backend/proposal/ HTTP/1.1" 200 16071
"GET /admin/jsi18n/ HTTP/1.1" 200 3342
"GET /admin/backend/proposal/1/change/ HTTP/1.1" 200 33277
"GET /static/admin/css/forms.css HTTP/1.1" 304 0
"GET /static/admin/js/prepopulate_init.js HTTP/1.1" 304 0
"GET /static/admin/js/calendar.js HTTP/1.1" 304 0
"GET /static/admin/js/admin/DateTimeShortcuts.js HTTP/1.1" 304 0
"GET /admin/jsi18n/ HTTP/1.1" 200 3342
"GET /static/admin/css/widgets.css HTTP/1.1" 304 0
"GET /static/admin/img/icon-deletelink.svg HTTP/1.1" 304 0
"GET /static/admin/img/icon-viewlink.svg HTTP/1.1" 304 0
"GET /static/admin/js/change_form.js HTTP/1.1" 304 0
"GET /static/admin/img/icon-calendar.svg HTTP/1.1" 304 0
"GET /static/admin/img/icon-clock.svg HTTP/1.1" 304 0
Proposal upload attempt by user: Maasai
Request data: <QueryDict: {'project_id': ['16'], 'proposal_file': [<InMemoryUploadedFile: Manage common threats, risks, and vulnerabilities.docx (application/octet-stream)>]}>
Request files: <MultiValueDict: {'proposal_file': [<InMemoryUploadedFile: Manage common threats, risks, and vulnerabilities.docx (application/octet-stream)>]}>
Proposal uploaded successfully: 2
"POST /api/projects/16/proposals HTTP/1.1" 201 811
Watching for file changes with StatReloader
"OPTIONS /api/google/ HTTP/1.1" 200 0
"POST /api/google/ HTTP/1.1" 200 481
"GET /api/dashboard/student/ HTTP/1.1" 200 223
"OPTIONS /api/projects/15/proposals HTTP/1.1" 200 0
Proposal upload attempt by user: jobmunyoki59@gmail.com
Request data: <QueryDict: {'project_id': ['15'], 'proposal_file': [<InMemoryUploadedFile: Terms and definitions from Course 1, Module 3.docx (application/octet-stream)>]}>
Request files: <MultiValueDict: {'proposal_file': [<InMemoryUploadedFile: Terms and definitions from Course 1, Module 3.docx (application/octet-stream)>]}>
Proposal uploaded successfully: 3
"POST /api/projects/15/proposals HTTP/1.1" 201 940
"POST /admin/backend/proposal/1/change/ HTTP/1.1" 302 0
"GET /admin/backend/proposal/ HTTP/1.1" 200 16881
"GET /admin/jsi18n/ HTTP/1.1" 200 3342
"GET /admin/backend/proposal/3/change/ HTTP/1.1" 200 33276
"GET /admin/jsi18n/ HTTP/1.1" 200 3342
Watching for file changes with StatReloader
/home/muuo/Documents/SPMS/spms/backend/views/proposal_upload.py changed, reloading.
Watching for file changes with StatReloader
Watching for file changes with StatReloader
Internal Server Error: /admin/backend/proposal/
Traceback (most recent call last):
  File "/home/muuo/Documents/SPMS/virtual/lib/python3.11/site-packages/django/db/backends/utils.py", line 105, in _execute
    return self.cursor.execute(sql, params)
           ^^^^^^^^^^^^^^^^^^^^^^^^^^^^^^^^
  File "/home/muuo/Documents/SPMS/virtual/lib/python3.11/site-packages/django/db/backends/sqlite3/base.py", line 360, in execute
    return super().execute(query, params)
           ^^^^^^^^^^^^^^^^^^^^^^^^^^^^^^
sqlite3.OperationalError: no such column: backend_user.phone_number

The above exception was the direct cause of the following exception:

Traceback (most recent call last):
  File "/home/muuo/Documents/SPMS/virtual/lib/python3.11/site-packages/django/core/handlers/exception.py", line 55, in inner
    response = get_response(request)
               ^^^^^^^^^^^^^^^^^^^^^
  File "/home/muuo/Documents/SPMS/virtual/lib/python3.11/site-packages/django/core/handlers/base.py", line 197, in _get_response
    response = wrapped_callback(request, *callback_args, **callback_kwargs)
               ^^^^^^^^^^^^^^^^^^^^^^^^^^^^^^^^^^^^^^^^^^^^^^^^^^^^^^^^^^^^
  File "/home/muuo/Documents/SPMS/virtual/lib/python3.11/site-packages/django/contrib/admin/options.py", line 719, in wrapper
    return self.admin_site.admin_view(view)(*args, **kwargs)
           ^^^^^^^^^^^^^^^^^^^^^^^^^^^^^^^^^^^^^^^^^^^^^^^^^
  File "/home/muuo/Documents/SPMS/virtual/lib/python3.11/site-packages/django/utils/decorators.py", line 192, in _view_wrapper
    result = _process_exception(request, e)
             ^^^^^^^^^^^^^^^^^^^^^^^^^^^^^^
  File "/home/muuo/Documents/SPMS/virtual/lib/python3.11/site-packages/django/utils/decorators.py", line 190, in _view_wrapper
    response = view_func(request, *args, **kwargs)
               ^^^^^^^^^^^^^^^^^^^^^^^^^^^^^^^^^^^
  File "/home/muuo/Documents/SPMS/virtual/lib/python3.11/site-packages/django/views/decorators/cache.py", line 80, in _view_wrapper
    response = view_func(request, *args, **kwargs)
               ^^^^^^^^^^^^^^^^^^^^^^^^^^^^^^^^^^^
  File "/home/muuo/Documents/SPMS/virtual/lib/python3.11/site-packages/django/contrib/admin/sites.py", line 234, in inner
    if not self.has_permission(request):
           ^^^^^^^^^^^^^^^^^^^^^^^^^^^^
  File "/home/muuo/Documents/SPMS/virtual/lib/python3.11/site-packages/django/contrib/admin/sites.py", line 207, in has_permission
    return request.user.is_active and request.user.is_staff
           ^^^^^^^^^^^^^^^^^^^^^^
  File "/home/muuo/Documents/SPMS/virtual/lib/python3.11/site-packages/django/utils/functional.py", line 251, in inner
    self._setup()
  File "/home/muuo/Documents/SPMS/virtual/lib/python3.11/site-packages/django/utils/functional.py", line 404, in _setup
    self._wrapped = self._setupfunc()
                    ^^^^^^^^^^^^^^^^^
  File "/home/muuo/Documents/SPMS/virtual/lib/python3.11/site-packages/django/contrib/auth/middleware.py", line 39, in <lambda>
    request.user = SimpleLazyObject(lambda: get_user(request))
                                            ^^^^^^^^^^^^^^^^^
  File "/home/muuo/Documents/SPMS/virtual/lib/python3.11/site-packages/django/contrib/auth/middleware.py", line 19, in get_user
    request._cached_user = auth.get_user(request)
                           ^^^^^^^^^^^^^^^^^^^^^^
  File "/home/muuo/Documents/SPMS/virtual/lib/python3.11/site-packages/django/contrib/auth/__init__.py", line 311, in get_user
    user = backend.get_user(user_id)
           ^^^^^^^^^^^^^^^^^^^^^^^^^
  File "/home/muuo/Documents/SPMS/virtual/lib/python3.11/site-packages/django/contrib/auth/backends.py", line 232, in get_user
    user = UserModel._default_manager.get(pk=user_id)
           ^^^^^^^^^^^^^^^^^^^^^^^^^^^^^^^^^^^^^^^^^^
  File "/home/muuo/Documents/SPMS/virtual/lib/python3.11/site-packages/django/db/models/manager.py", line 87, in manager_method
    return getattr(self.get_queryset(), name)(*args, **kwargs)
           ^^^^^^^^^^^^^^^^^^^^^^^^^^^^^^^^^^^^^^^^^^^^^^^^^^^
  File "/home/muuo/Documents/SPMS/virtual/lib/python3.11/site-packages/django/db/models/query.py", line 629, in get
    num = len(clone)
          ^^^^^^^^^^
  File "/home/muuo/Documents/SPMS/virtual/lib/python3.11/site-packages/django/db/models/query.py", line 366, in __len__
    self._fetch_all()
  File "/home/muuo/Documents/SPMS/virtual/lib/python3.11/site-packages/django/db/models/query.py", line 1935, in _fetch_all
    self._result_cache = list(self._iterable_class(self))
                         ^^^^^^^^^^^^^^^^^^^^^^^^^^^^^^^^
  File "/home/muuo/Documents/SPMS/virtual/lib/python3.11/site-packages/django/db/models/query.py", line 91, in __iter__
    results = compiler.execute_sql(
              ^^^^^^^^^^^^^^^^^^^^^
  File "/home/muuo/Documents/SPMS/virtual/lib/python3.11/site-packages/django/db/models/sql/compiler.py", line 1622, in execute_sql
    cursor.execute(sql, params)
  File "/home/muuo/Documents/SPMS/virtual/lib/python3.11/site-packages/django/db/backends/utils.py", line 122, in execute
    return super().execute(sql, params)
           ^^^^^^^^^^^^^^^^^^^^^^^^^^^^
  File "/home/muuo/Documents/SPMS/virtual/lib/python3.11/site-packages/django/db/backends/utils.py", line 79, in execute
    return self._execute_with_wrappers(
           ^^^^^^^^^^^^^^^^^^^^^^^^^^^^
  File "/home/muuo/Documents/SPMS/virtual/lib/python3.11/site-packages/django/db/backends/utils.py", line 92, in _execute_with_wrappers
    return executor(sql, params, many, context)
           ^^^^^^^^^^^^^^^^^^^^^^^^^^^^^^^^^^^^
  File "/home/muuo/Documents/SPMS/virtual/lib/python3.11/site-packages/django/db/backends/utils.py", line 100, in _execute
    with self.db.wrap_database_errors:
  File "/home/muuo/Documents/SPMS/virtual/lib/python3.11/site-packages/django/db/utils.py", line 91, in __exit__
    raise dj_exc_value.with_traceback(traceback) from exc_value
  File "/home/muuo/Documents/SPMS/virtual/lib/python3.11/site-packages/django/db/backends/utils.py", line 105, in _execute
    return self.cursor.execute(sql, params)
           ^^^^^^^^^^^^^^^^^^^^^^^^^^^^^^^^
  File "/home/muuo/Documents/SPMS/virtual/lib/python3.11/site-packages/django/db/backends/sqlite3/base.py", line 360, in execute
    return super().execute(query, params)
           ^^^^^^^^^^^^^^^^^^^^^^^^^^^^^^
django.db.utils.OperationalError: no such column: backend_user.phone_number
"GET /admin/backend/proposal/ HTTP/1.1" 500 200927
Not Found: /favicon.ico
"GET /favicon.ico HTTP/1.1" 404 2674
Watching for file changes with StatReloader
Watching for file changes with StatReloader
Watching for file changes with StatReloader
"GET /admin/backend/proposal/ HTTP/1.1" 200 16632
"GET /admin/jsi18n/ HTTP/1.1" 200 3342
"GET /admin/backend/project/ HTTP/1.1" 200 18743
"GET /admin/jsi18n/ HTTP/1.1" 200 3342
"GET /admin/backend/project/13/change/ HTTP/1.1" 200 24217
"GET /admin/jsi18n/ HTTP/1.1" 200 3342
"POST /admin/backend/project/13/change/ HTTP/1.1" 302 0
"GET /admin/backend/project/ HTTP/1.1" 200 18955
"GET /admin/jsi18n/ HTTP/1.1" 200 3342
"GET /admin/backend/proposal/ HTTP/1.1" 200 16632
"GET /admin/jsi18n/ HTTP/1.1" 200 3342
"GET /admin/backend/project/ HTTP/1.1" 200 18743
"GET /admin/jsi18n/ HTTP/1.1" 200 3342
"GET /admin/backend/project/5/change/ HTTP/1.1" 200 24194
"GET /admin/jsi18n/ HTTP/1.1" 200 3342
Not Found: /api/supervisor/project/5/proposals/
"GET /api/supervisor/project/5/proposals/ HTTP/1.1" 404 26401
/home/muuo/Documents/SPMS/spms/backend/views/supervisor_view.py changed, reloading.
Watching for file changes with StatReloader
/home/muuo/Documents/SPMS/spms/backend/urls.py changed, reloading.
Watching for file changes with StatReloader
/home/muuo/Documents/SPMS/spms/backend/urls.py changed, reloading.
Watching for file changes with StatReloader
Watching for file changes with StatReloader
"GET /admin/backend/notification/add/ HTTP/1.1" 200 20646
"GET /admin/jsi18n/ HTTP/1.1" 200 3342
Not Found: /favicon.ico
"GET /favicon.ico HTTP/1.1" 404 2674
/home/muuo/Documents/SPMS/spms/backend/views/supervisor_view.py changed, reloading.
Watching for file changes with StatReloader
/home/muuo/Documents/SPMS/spms/backend/urls.py changed, reloading.
Watching for file changes with StatReloader
/home/muuo/Documents/SPMS/spms/backend/urls.py changed, reloading.
Watching for file changes with StatReloader
/home/muuo/Documents/SPMS/spms/backend/urls.py changed, reloading.
Watching for file changes with StatReloader
/home/muuo/Documents/SPMS/spms/backend/urls.py changed, reloading.
Watching for file changes with StatReloader
/home/muuo/Documents/SPMS/spms/backend/urls.py changed, reloading.
Watching for file changes with StatReloader
/home/muuo/Documents/SPMS/spms/backend/urls.py changed, reloading.
Watching for file changes with StatReloader
/home/muuo/Documents/SPMS/spms/backend/urls.py changed, reloading.
Watching for file changes with StatReloader
/home/muuo/Documents/SPMS/spms/backend/urls.py changed, reloading.
Watching for file changes with StatReloader
/home/muuo/Documents/SPMS/spms/backend/urls.py changed, reloading.
Watching for file changes with StatReloader
/home/muuo/Documents/SPMS/spms/backend/urls.py changed, reloading.
Watching for file changes with StatReloader
/home/muuo/Documents/SPMS/spms/backend/urls.py changed, reloading.
Watching for file changes with StatReloader
/home/muuo/Documents/SPMS/spms/backend/serializers/proposal_serializer.py changed, reloading.
Watching for file changes with StatReloader
/home/muuo/Documents/SPMS/spms/backend/serializers/proposal_serializer.py changed, reloading.
Watching for file changes with StatReloader
/home/muuo/Documents/SPMS/spms/backend/serializers/proposal_serializer.py changed, reloading.
Watching for file changes with StatReloader
/home/muuo/Documents/SPMS/spms/backend/serializers/proposal_serializer.py changed, reloading.
Watching for file changes with StatReloader
/home/muuo/Documents/SPMS/spms/backend/serializers/proposal_serializer.py changed, reloading.
Watching for file changes with StatReloader
/home/muuo/Documents/SPMS/spms/backend/serializers/proposal_serializer.py changed, reloading.
Watching for file changes with StatReloader
"GET /admin/backend/project/5/change/ HTTP/1.1" 200 24194
"GET /admin/backend/project/5/change/ HTTP/1.1" 200 24194
"GET /admin/jsi18n/ HTTP/1.1" 200 3342
Watching for file changes with StatReloader
"GET /admin/backend/notification/add/ HTTP/1.1" 200 20646
"GET /admin/jsi18n/ HTTP/1.1" 200 3342
Not Found: /favicon.ico
"GET /favicon.ico HTTP/1.1" 404 2674
Internal Server Error: /api/supervisor/project/5/proposals/
Traceback (most recent call last):
  File "/home/muuo/Documents/SPMS/virtual/lib/python3.11/site-packages/django/core/handlers/exception.py", line 55, in inner
    response = get_response(request)
               ^^^^^^^^^^^^^^^^^^^^^
  File "/home/muuo/Documents/SPMS/virtual/lib/python3.11/site-packages/django/core/handlers/base.py", line 197, in _get_response
    response = wrapped_callback(request, *callback_args, **callback_kwargs)
               ^^^^^^^^^^^^^^^^^^^^^^^^^^^^^^^^^^^^^^^^^^^^^^^^^^^^^^^^^^^^
  File "/home/muuo/Documents/SPMS/virtual/lib/python3.11/site-packages/django/views/decorators/csrf.py", line 65, in _view_wrapper
    return view_func(request, *args, **kwargs)
           ^^^^^^^^^^^^^^^^^^^^^^^^^^^^^^^^^^^
  File "/home/muuo/Documents/SPMS/virtual/lib/python3.11/site-packages/django/views/generic/base.py", line 104, in view
    return self.dispatch(request, *args, **kwargs)
           ^^^^^^^^^^^^^^^^^^^^^^^^^^^^^^^^^^^^^^^
  File "/home/muuo/Documents/SPMS/virtual/lib/python3.11/site-packages/rest_framework/views.py", line 515, in dispatch
    response = self.handle_exception(exc)
               ^^^^^^^^^^^^^^^^^^^^^^^^^^
  File "/home/muuo/Documents/SPMS/virtual/lib/python3.11/site-packages/rest_framework/views.py", line 475, in handle_exception
    self.raise_uncaught_exception(exc)
  File "/home/muuo/Documents/SPMS/virtual/lib/python3.11/site-packages/rest_framework/views.py", line 486, in raise_uncaught_exception
    raise exc
  File "/home/muuo/Documents/SPMS/virtual/lib/python3.11/site-packages/rest_framework/views.py", line 512, in dispatch
    response = handler(request, *args, **kwargs)
               ^^^^^^^^^^^^^^^^^^^^^^^^^^^^^^^^^
  File "/home/muuo/Documents/SPMS/spms/backend/views/supervisor_view.py", line 119, in get
    return Response(serializer.data, status=status.HTTP_200_OK)
                    ^^^^^^^^^^^^^^^
  File "/home/muuo/Documents/SPMS/virtual/lib/python3.11/site-packages/rest_framework/serializers.py", line 797, in data
    ret = super().data
          ^^^^^^^^^^^^
  File "/home/muuo/Documents/SPMS/virtual/lib/python3.11/site-packages/rest_framework/serializers.py", line 251, in data
    self._data = self.to_representation(self.instance)
                 ^^^^^^^^^^^^^^^^^^^^^^^^^^^^^^^^^^^^^
  File "/home/muuo/Documents/SPMS/virtual/lib/python3.11/site-packages/rest_framework/serializers.py", line 715, in to_representation
    return [
           ^
  File "/home/muuo/Documents/SPMS/virtual/lib/python3.11/site-packages/rest_framework/serializers.py", line 716, in <listcomp>
    self.child.to_representation(item) for item in iterable
    ^^^^^^^^^^^^^^^^^^^^^^^^^^^^^^^^^^
  File "/home/muuo/Documents/SPMS/virtual/lib/python3.11/site-packages/rest_framework/serializers.py", line 527, in to_representation
    attribute = field.get_attribute(instance)
                ^^^^^^^^^^^^^^^^^^^^^^^^^^^^^
  File "/home/muuo/Documents/SPMS/virtual/lib/python3.11/site-packages/rest_framework/fields.py", line 437, in get_attribute
    return get_attribute(instance, self.source_attrs)
           ^^^^^^^^^^^^^^^^^^^^^^^^^^^^^^^^^^^^^^^^^^
  File "/home/muuo/Documents/SPMS/virtual/lib/python3.11/site-packages/rest_framework/fields.py", line 104, in get_attribute
    instance = getattr(instance, attr)
               ^^^^^^^^^^^^^^^^^^^^^^^
  File "/home/muuo/Documents/SPMS/spms/backend/models/proposal.py", line 58, in file_size_formatted
    if size < 1024.0:
       ^^^^^^^^^^^^^
TypeError: '<' not supported between instances of 'NoneType' and 'float'
"GET /api/supervisor/project/5/proposals/ HTTP/1.1" 500 158490
"GET /admin/backend/project/5/change/ HTTP/1.1" 200 24194
"GET /admin/jsi18n/ HTTP/1.1" 200 3342
"GET /admin/backend/project/ HTTP/1.1" 200 18743
"GET /admin/jsi18n/ HTTP/1.1" 200 3342
"GET /admin/backend/project/13/change/ HTTP/1.1" 200 24217
"GET /admin/jsi18n/ HTTP/1.1" 200 3342
"POST /admin/backend/project/13/change/ HTTP/1.1" 302 0
"GET /admin/backend/project/ HTTP/1.1" 200 18955
"GET /admin/jsi18n/ HTTP/1.1" 200 3342
"GET /admin/backend/project/13/change/ HTTP/1.1" 200 24217
"GET /admin/jsi18n/ HTTP/1.1" 200 3342
"POST /admin/backend/project/13/change/ HTTP/1.1" 302 0
"GET /admin/backend/project/ HTTP/1.1" 200 18955
"GET /admin/jsi18n/ HTTP/1.1" 200 3342
"GET /admin/backend/proposal/ HTTP/1.1" 200 16632
"GET /admin/jsi18n/ HTTP/1.1" 200 3342
"GET /admin/backend/proposal/8/change/ HTTP/1.1" 200 31527
"GET /admin/jsi18n/ HTTP/1.1" 200 3342
"GET /static/admin/js/calendar.js HTTP/1.1" 304 0
"GET /static/admin/img/icon-calendar.svg HTTP/1.1" 304 0
"GET /static/admin/img/icon-clock.svg HTTP/1.1" 304 0
"GET /admin/backend/project/ HTTP/1.1" 200 18743
"GET /admin/jsi18n/ HTTP/1.1" 200 3342
"GET /admin/backend/proposal/ HTTP/1.1" 200 16632
"GET /admin/jsi18n/ HTTP/1.1" 200 3342
"GET /admin/backend/project/ HTTP/1.1" 200 18743
"GET /admin/jsi18n/ HTTP/1.1" 200 3342
"GET /admin/backend/project/5/change/ HTTP/1.1" 200 24194
"GET /admin/jsi18n/ HTTP/1.1" 200 3342
"POST /admin/backend/project/5/change/ HTTP/1.1" 302 0
"GET /admin/backend/project/ HTTP/1.1" 200 18950
"GET /admin/jsi18n/ HTTP/1.1" 200 3342
"GET /admin/authtoken/tokenproxy/ HTTP/1.1" 200 26469
Internal Server Error: /api/supervisor/project/5/proposals/
Traceback (most recent call last):
  File "/home/muuo/Documents/SPMS/virtual/lib/python3.11/site-packages/django/core/handlers/exception.py", line 55, in inner
    response = get_response(request)
               ^^^^^^^^^^^^^^^^^^^^^
  File "/home/muuo/Documents/SPMS/virtual/lib/python3.11/site-packages/django/core/handlers/base.py", line 197, in _get_response
    response = wrapped_callback(request, *callback_args, **callback_kwargs)
               ^^^^^^^^^^^^^^^^^^^^^^^^^^^^^^^^^^^^^^^^^^^^^^^^^^^^^^^^^^^^
  File "/home/muuo/Documents/SPMS/virtual/lib/python3.11/site-packages/django/views/decorators/csrf.py", line 65, in _view_wrapper
    return view_func(request, *args, **kwargs)
           ^^^^^^^^^^^^^^^^^^^^^^^^^^^^^^^^^^^
  File "/home/muuo/Documents/SPMS/virtual/lib/python3.11/site-packages/django/views/generic/base.py", line 104, in view
    return self.dispatch(request, *args, **kwargs)
           ^^^^^^^^^^^^^^^^^^^^^^^^^^^^^^^^^^^^^^^
  File "/home/muuo/Documents/SPMS/virtual/lib/python3.11/site-packages/rest_framework/views.py", line 515, in dispatch
    response = self.handle_exception(exc)
               ^^^^^^^^^^^^^^^^^^^^^^^^^^
  File "/home/muuo/Documents/SPMS/virtual/lib/python3.11/site-packages/rest_framework/views.py", line 475, in handle_exception
    self.raise_uncaught_exception(exc)
  File "/home/muuo/Documents/SPMS/virtual/lib/python3.11/site-packages/rest_framework/views.py", line 486, in raise_uncaught_exception
    raise exc
  File "/home/muuo/Documents/SPMS/virtual/lib/python3.11/site-packages/rest_framework/views.py", line 512, in dispatch
    response = handler(request, *args, **kwargs)
               ^^^^^^^^^^^^^^^^^^^^^^^^^^^^^^^^^
  File "/home/muuo/Documents/SPMS/spms/backend/views/supervisor_view.py", line 119, in get
    return Response(serializer.data, status=status.HTTP_200_OK)
                    ^^^^^^^^^^^^^^^
  File "/home/muuo/Documents/SPMS/virtual/lib/python3.11/site-packages/rest_framework/serializers.py", line 797, in data
    ret = super().data
          ^^^^^^^^^^^^
  File "/home/muuo/Documents/SPMS/virtual/lib/python3.11/site-packages/rest_framework/serializers.py", line 251, in data
    self._data = self.to_representation(self.instance)
                 ^^^^^^^^^^^^^^^^^^^^^^^^^^^^^^^^^^^^^
  File "/home/muuo/Documents/SPMS/virtual/lib/python3.11/site-packages/rest_framework/serializers.py", line 715, in to_representation
    return [
           ^
  File "/home/muuo/Documents/SPMS/virtual/lib/python3.11/site-packages/rest_framework/serializers.py", line 716, in <listcomp>
    self.child.to_representation(item) for item in iterable
    ^^^^^^^^^^^^^^^^^^^^^^^^^^^^^^^^^^
  File "/home/muuo/Documents/SPMS/virtual/lib/python3.11/site-packages/rest_framework/serializers.py", line 527, in to_representation
    attribute = field.get_attribute(instance)
                ^^^^^^^^^^^^^^^^^^^^^^^^^^^^^
  File "/home/muuo/Documents/SPMS/virtual/lib/python3.11/site-packages/rest_framework/fields.py", line 437, in get_attribute
    return get_attribute(instance, self.source_attrs)
           ^^^^^^^^^^^^^^^^^^^^^^^^^^^^^^^^^^^^^^^^^^
  File "/home/muuo/Documents/SPMS/virtual/lib/python3.11/site-packages/rest_framework/fields.py", line 104, in get_attribute
    instance = getattr(instance, attr)
               ^^^^^^^^^^^^^^^^^^^^^^^
  File "/home/muuo/Documents/SPMS/spms/backend/models/proposal.py", line 58, in file_size_formatted
    if size < 1024.0:
       ^^^^^^^^^^^^^
TypeError: '<' not supported between instances of 'NoneType' and 'float'
"GET /api/supervisor/project/5/proposals/ HTTP/1.1" 500 158490
Watching for file changes with StatReloader
Internal Server Error: /api/supervisor/project/5/proposals/
Traceback (most recent call last):
  File "/home/muuo/Documents/SPMS/virtual/lib/python3.11/site-packages/django/core/handlers/exception.py", line 55, in inner
    response = get_response(request)
               ^^^^^^^^^^^^^^^^^^^^^
  File "/home/muuo/Documents/SPMS/virtual/lib/python3.11/site-packages/django/core/handlers/base.py", line 197, in _get_response
    response = wrapped_callback(request, *callback_args, **callback_kwargs)
               ^^^^^^^^^^^^^^^^^^^^^^^^^^^^^^^^^^^^^^^^^^^^^^^^^^^^^^^^^^^^
  File "/home/muuo/Documents/SPMS/virtual/lib/python3.11/site-packages/django/views/decorators/csrf.py", line 65, in _view_wrapper
    return view_func(request, *args, **kwargs)
           ^^^^^^^^^^^^^^^^^^^^^^^^^^^^^^^^^^^
  File "/home/muuo/Documents/SPMS/virtual/lib/python3.11/site-packages/django/views/generic/base.py", line 104, in view
    return self.dispatch(request, *args, **kwargs)
           ^^^^^^^^^^^^^^^^^^^^^^^^^^^^^^^^^^^^^^^
  File "/home/muuo/Documents/SPMS/virtual/lib/python3.11/site-packages/rest_framework/views.py", line 515, in dispatch
    response = self.handle_exception(exc)
               ^^^^^^^^^^^^^^^^^^^^^^^^^^
  File "/home/muuo/Documents/SPMS/virtual/lib/python3.11/site-packages/rest_framework/views.py", line 475, in handle_exception
    self.raise_uncaught_exception(exc)
  File "/home/muuo/Documents/SPMS/virtual/lib/python3.11/site-packages/rest_framework/views.py", line 486, in raise_uncaught_exception
    raise exc
  File "/home/muuo/Documents/SPMS/virtual/lib/python3.11/site-packages/rest_framework/views.py", line 512, in dispatch
    response = handler(request, *args, **kwargs)
               ^^^^^^^^^^^^^^^^^^^^^^^^^^^^^^^^^
  File "/home/muuo/Documents/SPMS/spms/backend/views/supervisor_view.py", line 119, in get
    return Response(serializer.data, status=status.HTTP_200_OK)
                    ^^^^^^^^^^^^^^^
  File "/home/muuo/Documents/SPMS/virtual/lib/python3.11/site-packages/rest_framework/serializers.py", line 797, in data
    ret = super().data
          ^^^^^^^^^^^^
  File "/home/muuo/Documents/SPMS/virtual/lib/python3.11/site-packages/rest_framework/serializers.py", line 251, in data
    self._data = self.to_representation(self.instance)
                 ^^^^^^^^^^^^^^^^^^^^^^^^^^^^^^^^^^^^^
  File "/home/muuo/Documents/SPMS/virtual/lib/python3.11/site-packages/rest_framework/serializers.py", line 715, in to_representation
    return [
           ^
  File "/home/muuo/Documents/SPMS/virtual/lib/python3.11/site-packages/rest_framework/serializers.py", line 716, in <listcomp>
    self.child.to_representation(item) for item in iterable
    ^^^^^^^^^^^^^^^^^^^^^^^^^^^^^^^^^^
  File "/home/muuo/Documents/SPMS/virtual/lib/python3.11/site-packages/rest_framework/serializers.py", line 527, in to_representation
    attribute = field.get_attribute(instance)
                ^^^^^^^^^^^^^^^^^^^^^^^^^^^^^
  File "/home/muuo/Documents/SPMS/virtual/lib/python3.11/site-packages/rest_framework/fields.py", line 437, in get_attribute
    return get_attribute(instance, self.source_attrs)
           ^^^^^^^^^^^^^^^^^^^^^^^^^^^^^^^^^^^^^^^^^^
  File "/home/muuo/Documents/SPMS/virtual/lib/python3.11/site-packages/rest_framework/fields.py", line 104, in get_attribute
    instance = getattr(instance, attr)
               ^^^^^^^^^^^^^^^^^^^^^^^
  File "/home/muuo/Documents/SPMS/spms/backend/models/proposal.py", line 58, in file_size_formatted
    if size < 1024.0:
       ^^^^^^^^^^^^^
TypeError: '<' not supported between instances of 'NoneType' and 'float'
"GET /api/supervisor/project/5/proposals/ HTTP/1.1" 500 158490
/home/muuo/Documents/SPMS/spms/backend/models/proposal.py changed, reloading.
Watching for file changes with StatReloader
/home/muuo/Documents/SPMS/spms/backend/models/proposal.py changed, reloading.
Watching for file changes with StatReloader
/home/muuo/Documents/SPMS/spms/backend/models/proposal.py changed, reloading.
Watching for file changes with StatReloader
/home/muuo/Documents/SPMS/spms/backend/models/proposal.py changed, reloading.
Watching for file changes with StatReloader
/home/muuo/Documents/SPMS/spms/backend/models/proposal.py changed, reloading.
Watching for file changes with StatReloader
/home/muuo/Documents/SPMS/spms/backend/models/proposal.py changed, reloading.
Watching for file changes with StatReloader
/home/muuo/Documents/SPMS/spms/backend/models/proposal.py changed, reloading.
Watching for file changes with StatReloader
/home/muuo/Documents/SPMS/spms/backend/models/proposal.py changed, reloading.
Watching for file changes with StatReloader
/home/muuo/Documents/SPMS/spms/backend/models/proposal.py changed, reloading.
Watching for file changes with StatReloader
/home/muuo/Documents/SPMS/spms/backend/models/proposal.py changed, reloading.
Watching for file changes with StatReloader
/home/muuo/Documents/SPMS/spms/backend/models/proposal.py changed, reloading.
Watching for file changes with StatReloader
/home/muuo/Documents/SPMS/spms/backend/models/proposal.py changed, reloading.
Watching for file changes with StatReloader
/home/muuo/Documents/SPMS/spms/backend/models/proposal.py changed, reloading.
Watching for file changes with StatReloader
/home/muuo/Documents/SPMS/spms/backend/models/proposal.py changed, reloading.
Watching for file changes with StatReloader
/home/muuo/Documents/SPMS/spms/backend/models/proposal.py changed, reloading.
Watching for file changes with StatReloader
/home/muuo/Documents/SPMS/spms/backend/models/proposal.py changed, reloading.
Watching for file changes with StatReloader
/home/muuo/Documents/SPMS/spms/backend/models/proposal.py changed, reloading.
Watching for file changes with StatReloader
/home/muuo/Documents/SPMS/spms/backend/models/proposal.py changed, reloading.
Watching for file changes with StatReloader
/home/muuo/Documents/SPMS/spms/backend/models/proposal.py changed, reloading.
Watching for file changes with StatReloader
Internal Server Error: /api/supervisor/project/5/proposals/
Traceback (most recent call last):
  File "/home/muuo/Documents/SPMS/virtual/lib/python3.11/site-packages/django/core/handlers/exception.py", line 55, in inner
    response = get_response(request)
               ^^^^^^^^^^^^^^^^^^^^^
  File "/home/muuo/Documents/SPMS/virtual/lib/python3.11/site-packages/django/core/handlers/base.py", line 197, in _get_response
    response = wrapped_callback(request, *callback_args, **callback_kwargs)
               ^^^^^^^^^^^^^^^^^^^^^^^^^^^^^^^^^^^^^^^^^^^^^^^^^^^^^^^^^^^^
  File "/home/muuo/Documents/SPMS/virtual/lib/python3.11/site-packages/django/views/decorators/csrf.py", line 65, in _view_wrapper
    return view_func(request, *args, **kwargs)
           ^^^^^^^^^^^^^^^^^^^^^^^^^^^^^^^^^^^
  File "/home/muuo/Documents/SPMS/virtual/lib/python3.11/site-packages/django/views/generic/base.py", line 104, in view
    return self.dispatch(request, *args, **kwargs)
           ^^^^^^^^^^^^^^^^^^^^^^^^^^^^^^^^^^^^^^^
  File "/home/muuo/Documents/SPMS/virtual/lib/python3.11/site-packages/rest_framework/views.py", line 515, in dispatch
    response = self.handle_exception(exc)
               ^^^^^^^^^^^^^^^^^^^^^^^^^^
  File "/home/muuo/Documents/SPMS/virtual/lib/python3.11/site-packages/rest_framework/views.py", line 475, in handle_exception
    self.raise_uncaught_exception(exc)
  File "/home/muuo/Documents/SPMS/virtual/lib/python3.11/site-packages/rest_framework/views.py", line 486, in raise_uncaught_exception
    raise exc
  File "/home/muuo/Documents/SPMS/virtual/lib/python3.11/site-packages/rest_framework/views.py", line 512, in dispatch
    response = handler(request, *args, **kwargs)
               ^^^^^^^^^^^^^^^^^^^^^^^^^^^^^^^^^
  File "/home/muuo/Documents/SPMS/spms/backend/views/supervisor_view.py", line 119, in get
    return Response(serializer.data, status=status.HTTP_200_OK)
                                            ^^^^^^
NameError: name 'status' is not defined
"GET /api/supervisor/project/5/proposals/ HTTP/1.1" 500 103120
/home/muuo/Documents/SPMS/spms/backend/serializers/proposal_serializer.py changed, reloading.
Watching for file changes with StatReloader
Internal Server Error: /api/supervisor/project/5/proposals/
Traceback (most recent call last):
  File "/home/muuo/Documents/SPMS/virtual/lib/python3.11/site-packages/django/core/handlers/exception.py", line 55, in inner
    response = get_response(request)
               ^^^^^^^^^^^^^^^^^^^^^
  File "/home/muuo/Documents/SPMS/virtual/lib/python3.11/site-packages/django/core/handlers/base.py", line 197, in _get_response
    response = wrapped_callback(request, *callback_args, **callback_kwargs)
               ^^^^^^^^^^^^^^^^^^^^^^^^^^^^^^^^^^^^^^^^^^^^^^^^^^^^^^^^^^^^
  File "/home/muuo/Documents/SPMS/virtual/lib/python3.11/site-packages/django/views/decorators/csrf.py", line 65, in _view_wrapper
    return view_func(request, *args, **kwargs)
           ^^^^^^^^^^^^^^^^^^^^^^^^^^^^^^^^^^^
  File "/home/muuo/Documents/SPMS/virtual/lib/python3.11/site-packages/django/views/generic/base.py", line 104, in view
    return self.dispatch(request, *args, **kwargs)
           ^^^^^^^^^^^^^^^^^^^^^^^^^^^^^^^^^^^^^^^
  File "/home/muuo/Documents/SPMS/virtual/lib/python3.11/site-packages/rest_framework/views.py", line 515, in dispatch
    response = self.handle_exception(exc)
               ^^^^^^^^^^^^^^^^^^^^^^^^^^
  File "/home/muuo/Documents/SPMS/virtual/lib/python3.11/site-packages/rest_framework/views.py", line 475, in handle_exception
    self.raise_uncaught_exception(exc)
  File "/home/muuo/Documents/SPMS/virtual/lib/python3.11/site-packages/rest_framework/views.py", line 486, in raise_uncaught_exception
    raise exc
  File "/home/muuo/Documents/SPMS/virtual/lib/python3.11/site-packages/rest_framework/views.py", line 512, in dispatch
    response = handler(request, *args, **kwargs)
               ^^^^^^^^^^^^^^^^^^^^^^^^^^^^^^^^^
  File "/home/muuo/Documents/SPMS/spms/backend/views/supervisor_view.py", line 119, in get
    return Response(serializer.data, status=status.HTTP_200_OK)
                                            ^^^^^^
NameError: name 'status' is not defined
"GET /api/supervisor/project/5/proposals/ HTTP/1.1" 500 103120
/home/muuo/Documents/SPMS/spms/backend/serializers/proposal_serializer.py changed, reloading.
Watching for file changes with StatReloader
Internal Server Error: /api/supervisor/project/5/proposals/
Traceback (most recent call last):
  File "/home/muuo/Documents/SPMS/virtual/lib/python3.11/site-packages/django/core/handlers/exception.py", line 55, in inner
    response = get_response(request)
               ^^^^^^^^^^^^^^^^^^^^^
  File "/home/muuo/Documents/SPMS/virtual/lib/python3.11/site-packages/django/core/handlers/base.py", line 197, in _get_response
    response = wrapped_callback(request, *callback_args, **callback_kwargs)
               ^^^^^^^^^^^^^^^^^^^^^^^^^^^^^^^^^^^^^^^^^^^^^^^^^^^^^^^^^^^^
  File "/home/muuo/Documents/SPMS/virtual/lib/python3.11/site-packages/django/views/decorators/csrf.py", line 65, in _view_wrapper
    return view_func(request, *args, **kwargs)
           ^^^^^^^^^^^^^^^^^^^^^^^^^^^^^^^^^^^
  File "/home/muuo/Documents/SPMS/virtual/lib/python3.11/site-packages/django/views/generic/base.py", line 104, in view
    return self.dispatch(request, *args, **kwargs)
           ^^^^^^^^^^^^^^^^^^^^^^^^^^^^^^^^^^^^^^^
  File "/home/muuo/Documents/SPMS/virtual/lib/python3.11/site-packages/rest_framework/views.py", line 515, in dispatch
    response = self.handle_exception(exc)
               ^^^^^^^^^^^^^^^^^^^^^^^^^^
  File "/home/muuo/Documents/SPMS/virtual/lib/python3.11/site-packages/rest_framework/views.py", line 475, in handle_exception
    self.raise_uncaught_exception(exc)
  File "/home/muuo/Documents/SPMS/virtual/lib/python3.11/site-packages/rest_framework/views.py", line 486, in raise_uncaught_exception
    raise exc
  File "/home/muuo/Documents/SPMS/virtual/lib/python3.11/site-packages/rest_framework/views.py", line 512, in dispatch
    response = handler(request, *args, **kwargs)
               ^^^^^^^^^^^^^^^^^^^^^^^^^^^^^^^^^
  File "/home/muuo/Documents/SPMS/spms/backend/views/supervisor_view.py", line 119, in get
    return Response(serializer.data, status=status.HTTP_200_OK)
                                            ^^^^^^
NameError: name 'status' is not defined
"GET /api/supervisor/project/5/proposals/ HTTP/1.1" 500 103120
/home/muuo/Documents/SPMS/spms/backend/views/supervisor_view.py changed, reloading.
Watching for file changes with StatReloader
"GET /api/supervisor/project/5/proposals/ HTTP/1.1" 200 473
/home/muuo/Documents/SPMS/spms/backend/models/user.py changed, reloading.
Watching for file changes with StatReloader
/home/muuo/Documents/SPMS/spms/backend/models/user.py changed, reloading.
Watching for file changes with StatReloader
/home/muuo/Documents/SPMS/spms/backend/serializers/project_serializer.py changed, reloading.
Watching for file changes with StatReloader
"GET /api/supervisor/project/5/proposals/ HTTP/1.1" 200 481
/home/muuo/Documents/SPMS/spms/backend/serializers/user_serializer.py changed, reloading.
Watching for file changes with StatReloader
/home/muuo/Documents/SPMS/spms/backend/serializers/user_serializer.py changed, reloading.
Watching for file changes with StatReloader
/home/muuo/Documents/SPMS/spms/backend/serializers/user_serializer.py changed, reloading.
Watching for file changes with StatReloader
Watching for file changes with StatReloader
/home/muuo/Documents/SPMS/spms/backend/models/proposal.py changed, reloading.
Watching for file changes with StatReloader
/home/muuo/Documents/SPMS/spms/backend/serializers/proposal_serializer.py changed, reloading.
Watching for file changes with StatReloader
/home/muuo/Documents/SPMS/spms/backend/serializers/proposal_serializer.py changed, reloading.
Watching for file changes with StatReloader
/home/muuo/Documents/SPMS/spms/backend/serializers/proposal_serializer.py changed, reloading.
Watching for file changes with StatReloader
/home/muuo/Documents/SPMS/spms/backend/serializers/proposal_serializer.py changed, reloading.
Watching for file changes with StatReloader
Watching for file changes with StatReloader
"GET /admin/authtoken/tokenproxy/ HTTP/1.1" 200 26469
"GET /static/admin/js/vendor/jquery/jquery.js HTTP/1.1" 200 285314
"GET /static/admin/js/vendor/xregexp/xregexp.js HTTP/1.1" 200 325171
Not Found: /favicon.ico
"GET /favicon.ico HTTP/1.1" 404 2674
"GET /admin/backend/notification/add/ HTTP/1.1" 200 20646
"GET /admin/backend/proposal/ HTTP/1.1" 200 16632
"GET /admin/jsi18n/ HTTP/1.1" 200 3342
"GET /admin/backend/proposal/8/change/ HTTP/1.1" 200 31527
"GET /admin/jsi18n/ HTTP/1.1" 200 3342
"GET /admin/backend/project/ HTTP/1.1" 200 18743
"GET /admin/jsi18n/ HTTP/1.1" 200 3342
"GET /admin/backend/project/5/change/ HTTP/1.1" 200 24194
"GET /admin/jsi18n/ HTTP/1.1" 200 3342
"POST /admin/backend/project/5/change/ HTTP/1.1" 302 0
"GET /admin/backend/project/ HTTP/1.1" 200 18950
"GET /admin/jsi18n/ HTTP/1.1" 200 3342
"GET /admin/backend/proposal/ HTTP/1.1" 200 16632
"GET /admin/jsi18n/ HTTP/1.1" 200 3342
"GET /admin/backend/proposal/8/change/ HTTP/1.1" 200 31527
"GET /admin/jsi18n/ HTTP/1.1" 200 3342
"POST /admin/backend/proposal/8/change/ HTTP/1.1" 302 0
"GET /admin/backend/proposal/ HTTP/1.1" 200 16856
"GET /admin/jsi18n/ HTTP/1.1" 200 3342
"GET /admin/backend/proposal/ HTTP/1.1" 200 16632
Not Found: /favicon.ico
"GET /favicon.ico HTTP/1.1" 404 2674
"GET /admin/account/emailaddress/ HTTP/1.1" 200 16057
"GET /admin/authtoken/tokenproxy/ HTTP/1.1" 200 26469
"GET /admin/jsi18n/ HTTP/1.1" 200 3342
Watching for file changes with StatReloader
"OPTIONS /api/login/ HTTP/1.1" 200 0
Bad Request: /api/login/
"POST /api/login/ HTTP/1.1" 400 68
"OPTIONS /api/register/ HTTP/1.1" 200 0
"POST /api/register/ HTTP/1.1" 201 332
"POST /api/login/ HTTP/1.1" 200 103
"OPTIONS /api/supervisor/assigned-projects/ HTTP/1.1" 200 0
"GET /api/supervisor/assigned-projects/ HTTP/1.1" 200 2
"POST /api/login/ HTTP/1.1" 200 100
"OPTIONS /api/dashboard/student/ HTTP/1.1" 200 0
"GET /api/dashboard/student/ HTTP/1.1" 200 224
Bad Request: /api/login/
"POST /api/login/ HTTP/1.1" 400 68
Bad Request: /api/register/
"POST /api/register/ HTTP/1.1" 400 153
Bad Request: /api/register/
"POST /api/register/ HTTP/1.1" 400 42
Bad Request: /api/register/
"POST /api/register/ HTTP/1.1" 400 42
Bad Request: /api/register/
"POST /api/register/ HTTP/1.1" 400 112
Bad Request: /api/register/
"POST /api/register/ HTTP/1.1" 400 112
Bad Request: /api/register/
"POST /api/register/ HTTP/1.1" 400 112
"POST /api/register/ HTTP/1.1" 201 328
"POST /api/login/ HTTP/1.1" 200 101
"OPTIONS /api/lecturer/submitted-topics/ HTTP/1.1" 200 0
Internal Server Error: /api/lecturer/submitted-topics/
Traceback (most recent call last):
  File "/home/muuo/Documents/SPMS/virtual/lib/python3.11/site-packages/django/core/handlers/exception.py", line 55, in inner
    response = get_response(request)
               ^^^^^^^^^^^^^^^^^^^^^
  File "/home/muuo/Documents/SPMS/virtual/lib/python3.11/site-packages/django/core/handlers/base.py", line 197, in _get_response
    response = wrapped_callback(request, *callback_args, **callback_kwargs)
               ^^^^^^^^^^^^^^^^^^^^^^^^^^^^^^^^^^^^^^^^^^^^^^^^^^^^^^^^^^^^
  File "/home/muuo/Documents/SPMS/virtual/lib/python3.11/site-packages/django/views/decorators/csrf.py", line 65, in _view_wrapper
    return view_func(request, *args, **kwargs)
           ^^^^^^^^^^^^^^^^^^^^^^^^^^^^^^^^^^^
  File "/home/muuo/Documents/SPMS/virtual/lib/python3.11/site-packages/django/views/generic/base.py", line 104, in view
    return self.dispatch(request, *args, **kwargs)
           ^^^^^^^^^^^^^^^^^^^^^^^^^^^^^^^^^^^^^^^
  File "/home/muuo/Documents/SPMS/virtual/lib/python3.11/site-packages/rest_framework/views.py", line 515, in dispatch
    response = self.handle_exception(exc)
               ^^^^^^^^^^^^^^^^^^^^^^^^^^
  File "/home/muuo/Documents/SPMS/virtual/lib/python3.11/site-packages/rest_framework/views.py", line 475, in handle_exception
    self.raise_uncaught_exception(exc)
  File "/home/muuo/Documents/SPMS/virtual/lib/python3.11/site-packages/rest_framework/views.py", line 486, in raise_uncaught_exception
    raise exc
  File "/home/muuo/Documents/SPMS/virtual/lib/python3.11/site-packages/rest_framework/views.py", line 512, in dispatch
    response = handler(request, *args, **kwargs)
               ^^^^^^^^^^^^^^^^^^^^^^^^^^^^^^^^^
  File "/home/muuo/Documents/SPMS/spms/backend/views/lecturer.py", line 17, in get
    return Response(serializer.data)
                    ^^^^^^^^^^^^^^^
  File "/home/muuo/Documents/SPMS/virtual/lib/python3.11/site-packages/rest_framework/serializers.py", line 797, in data
    ret = super().data
          ^^^^^^^^^^^^
  File "/home/muuo/Documents/SPMS/virtual/lib/python3.11/site-packages/rest_framework/serializers.py", line 251, in data
    self._data = self.to_representation(self.instance)
                 ^^^^^^^^^^^^^^^^^^^^^^^^^^^^^^^^^^^^^
  File "/home/muuo/Documents/SPMS/virtual/lib/python3.11/site-packages/rest_framework/serializers.py", line 715, in to_representation
    return [
           ^
  File "/home/muuo/Documents/SPMS/virtual/lib/python3.11/site-packages/rest_framework/serializers.py", line 716, in <listcomp>
    self.child.to_representation(item) for item in iterable
    ^^^^^^^^^^^^^^^^^^^^^^^^^^^^^^^^^^
  File "/home/muuo/Documents/SPMS/virtual/lib/python3.11/site-packages/rest_framework/serializers.py", line 540, in to_representation
    ret[field.field_name] = field.to_representation(attribute)
                            ^^^^^^^^^^^^^^^^^^^^^^^^^^^^^^^^^^
  File "/home/muuo/Documents/SPMS/virtual/lib/python3.11/site-packages/rest_framework/fields.py", line 1870, in to_representation
    return method(value)
           ^^^^^^^^^^^^^
  File "/home/muuo/Documents/SPMS/spms/backend/serializers/project_serializer.py", line 19, in get_student_reg_no
    return getattr(obj.student.student, 'registration_number', None)
                   ^^^^^^^^^^^^^^^^^^^
  File "/home/muuo/Documents/SPMS/virtual/lib/python3.11/site-packages/django/db/models/fields/related_descriptors.py", line 531, in __get__
    raise self.RelatedObjectDoesNotExist(
backend.models.user.User.student.RelatedObjectDoesNotExist: User has no student.
"GET /api/lecturer/submitted-topics/ HTTP/1.1" 500 139782
"POST /api/login/ HTTP/1.1" 200 101
Internal Server Error: /api/lecturer/submitted-topics/
Traceback (most recent call last):
  File "/home/muuo/Documents/SPMS/virtual/lib/python3.11/site-packages/django/core/handlers/exception.py", line 55, in inner
    response = get_response(request)
               ^^^^^^^^^^^^^^^^^^^^^
  File "/home/muuo/Documents/SPMS/virtual/lib/python3.11/site-packages/django/core/handlers/base.py", line 197, in _get_response
    response = wrapped_callback(request, *callback_args, **callback_kwargs)
               ^^^^^^^^^^^^^^^^^^^^^^^^^^^^^^^^^^^^^^^^^^^^^^^^^^^^^^^^^^^^
  File "/home/muuo/Documents/SPMS/virtual/lib/python3.11/site-packages/django/views/decorators/csrf.py", line 65, in _view_wrapper
    return view_func(request, *args, **kwargs)
           ^^^^^^^^^^^^^^^^^^^^^^^^^^^^^^^^^^^
  File "/home/muuo/Documents/SPMS/virtual/lib/python3.11/site-packages/django/views/generic/base.py", line 104, in view
    return self.dispatch(request, *args, **kwargs)
           ^^^^^^^^^^^^^^^^^^^^^^^^^^^^^^^^^^^^^^^
  File "/home/muuo/Documents/SPMS/virtual/lib/python3.11/site-packages/rest_framework/views.py", line 515, in dispatch
    response = self.handle_exception(exc)
               ^^^^^^^^^^^^^^^^^^^^^^^^^^
  File "/home/muuo/Documents/SPMS/virtual/lib/python3.11/site-packages/rest_framework/views.py", line 475, in handle_exception
    self.raise_uncaught_exception(exc)
  File "/home/muuo/Documents/SPMS/virtual/lib/python3.11/site-packages/rest_framework/views.py", line 486, in raise_uncaught_exception
    raise exc
  File "/home/muuo/Documents/SPMS/virtual/lib/python3.11/site-packages/rest_framework/views.py", line 512, in dispatch
    response = handler(request, *args, **kwargs)
               ^^^^^^^^^^^^^^^^^^^^^^^^^^^^^^^^^
  File "/home/muuo/Documents/SPMS/spms/backend/views/lecturer.py", line 17, in get
    return Response(serializer.data)
                    ^^^^^^^^^^^^^^^
  File "/home/muuo/Documents/SPMS/virtual/lib/python3.11/site-packages/rest_framework/serializers.py", line 797, in data
    ret = super().data
          ^^^^^^^^^^^^
  File "/home/muuo/Documents/SPMS/virtual/lib/python3.11/site-packages/rest_framework/serializers.py", line 251, in data
    self._data = self.to_representation(self.instance)
                 ^^^^^^^^^^^^^^^^^^^^^^^^^^^^^^^^^^^^^
  File "/home/muuo/Documents/SPMS/virtual/lib/python3.11/site-packages/rest_framework/serializers.py", line 715, in to_representation
    return [
           ^
  File "/home/muuo/Documents/SPMS/virtual/lib/python3.11/site-packages/rest_framework/serializers.py", line 716, in <listcomp>
    self.child.to_representation(item) for item in iterable
    ^^^^^^^^^^^^^^^^^^^^^^^^^^^^^^^^^^
  File "/home/muuo/Documents/SPMS/virtual/lib/python3.11/site-packages/rest_framework/serializers.py", line 540, in to_representation
    ret[field.field_name] = field.to_representation(attribute)
                            ^^^^^^^^^^^^^^^^^^^^^^^^^^^^^^^^^^
  File "/home/muuo/Documents/SPMS/virtual/lib/python3.11/site-packages/rest_framework/fields.py", line 1870, in to_representation
    return method(value)
           ^^^^^^^^^^^^^
  File "/home/muuo/Documents/SPMS/spms/backend/serializers/project_serializer.py", line 19, in get_student_reg_no
    return getattr(obj.student.student, 'registration_number', None)
                   ^^^^^^^^^^^^^^^^^^^
  File "/home/muuo/Documents/SPMS/virtual/lib/python3.11/site-packages/django/db/models/fields/related_descriptors.py", line 531, in __get__
    raise self.RelatedObjectDoesNotExist(
backend.models.user.User.student.RelatedObjectDoesNotExist: User has no student.
"GET /api/lecturer/submitted-topics/ HTTP/1.1" 500 139782
Watching for file changes with StatReloader
Internal Server Error: /api/lecturer/submitted-topics/
Traceback (most recent call last):
  File "/home/muuo/Documents/SPMS/virtual/lib/python3.11/site-packages/django/core/handlers/exception.py", line 55, in inner
    response = get_response(request)
               ^^^^^^^^^^^^^^^^^^^^^
  File "/home/muuo/Documents/SPMS/virtual/lib/python3.11/site-packages/django/core/handlers/base.py", line 197, in _get_response
    response = wrapped_callback(request, *callback_args, **callback_kwargs)
               ^^^^^^^^^^^^^^^^^^^^^^^^^^^^^^^^^^^^^^^^^^^^^^^^^^^^^^^^^^^^
  File "/home/muuo/Documents/SPMS/virtual/lib/python3.11/site-packages/django/views/decorators/csrf.py", line 65, in _view_wrapper
    return view_func(request, *args, **kwargs)
           ^^^^^^^^^^^^^^^^^^^^^^^^^^^^^^^^^^^
  File "/home/muuo/Documents/SPMS/virtual/lib/python3.11/site-packages/django/views/generic/base.py", line 104, in view
    return self.dispatch(request, *args, **kwargs)
           ^^^^^^^^^^^^^^^^^^^^^^^^^^^^^^^^^^^^^^^
  File "/home/muuo/Documents/SPMS/virtual/lib/python3.11/site-packages/rest_framework/views.py", line 515, in dispatch
    response = self.handle_exception(exc)
               ^^^^^^^^^^^^^^^^^^^^^^^^^^
  File "/home/muuo/Documents/SPMS/virtual/lib/python3.11/site-packages/rest_framework/views.py", line 475, in handle_exception
    self.raise_uncaught_exception(exc)
  File "/home/muuo/Documents/SPMS/virtual/lib/python3.11/site-packages/rest_framework/views.py", line 486, in raise_uncaught_exception
    raise exc
  File "/home/muuo/Documents/SPMS/virtual/lib/python3.11/site-packages/rest_framework/views.py", line 512, in dispatch
    response = handler(request, *args, **kwargs)
               ^^^^^^^^^^^^^^^^^^^^^^^^^^^^^^^^^
  File "/home/muuo/Documents/SPMS/spms/backend/views/lecturer.py", line 17, in get
    return Response(serializer.data)
                    ^^^^^^^^^^^^^^^
  File "/home/muuo/Documents/SPMS/virtual/lib/python3.11/site-packages/rest_framework/serializers.py", line 797, in data
    ret = super().data
          ^^^^^^^^^^^^
  File "/home/muuo/Documents/SPMS/virtual/lib/python3.11/site-packages/rest_framework/serializers.py", line 251, in data
    self._data = self.to_representation(self.instance)
                 ^^^^^^^^^^^^^^^^^^^^^^^^^^^^^^^^^^^^^
  File "/home/muuo/Documents/SPMS/virtual/lib/python3.11/site-packages/rest_framework/serializers.py", line 715, in to_representation
    return [
           ^
  File "/home/muuo/Documents/SPMS/virtual/lib/python3.11/site-packages/rest_framework/serializers.py", line 716, in <listcomp>
    self.child.to_representation(item) for item in iterable
    ^^^^^^^^^^^^^^^^^^^^^^^^^^^^^^^^^^
  File "/home/muuo/Documents/SPMS/virtual/lib/python3.11/site-packages/rest_framework/serializers.py", line 540, in to_representation
    ret[field.field_name] = field.to_representation(attribute)
                            ^^^^^^^^^^^^^^^^^^^^^^^^^^^^^^^^^^
  File "/home/muuo/Documents/SPMS/virtual/lib/python3.11/site-packages/rest_framework/fields.py", line 1870, in to_representation
    return method(value)
           ^^^^^^^^^^^^^
  File "/home/muuo/Documents/SPMS/spms/backend/serializers/project_serializer.py", line 19, in get_student_reg_no
    return getattr(obj.student.student, 'registration_number', None)
                   ^^^^^^^^^^^^^^^^^^^
  File "/home/muuo/Documents/SPMS/virtual/lib/python3.11/site-packages/django/db/models/fields/related_descriptors.py", line 531, in __get__
    raise self.RelatedObjectDoesNotExist(
backend.models.user.User.student.RelatedObjectDoesNotExist: User has no student.
"GET /api/lecturer/submitted-topics/ HTTP/1.1" 500 139400
"GET /admin/authtoken/tokenproxy/ HTTP/1.1" 200 26957
Not Found: /favicon.ico
"GET /favicon.ico HTTP/1.1" 404 2674
"GET /admin/backend/lecturer/ HTTP/1.1" 200 16608
"GET /admin/jsi18n/ HTTP/1.1" 200 3342
"GET /admin/backend/project/ HTTP/1.1" 200 18743
"GET /admin/jsi18n/ HTTP/1.1" 200 3342
"GET /admin/backend/project/13/change/ HTTP/1.1" 200 24356
"GET /admin/jsi18n/ HTTP/1.1" 200 3342
"GET /admin/authtoken/tokenproxy/ HTTP/1.1" 200 26957
Internal Server Error: /api/lecturer/submitted-topics/
Traceback (most recent call last):
  File "/home/muuo/Documents/SPMS/virtual/lib/python3.11/site-packages/django/core/handlers/exception.py", line 55, in inner
    response = get_response(request)
               ^^^^^^^^^^^^^^^^^^^^^
  File "/home/muuo/Documents/SPMS/virtual/lib/python3.11/site-packages/django/core/handlers/base.py", line 197, in _get_response
    response = wrapped_callback(request, *callback_args, **callback_kwargs)
               ^^^^^^^^^^^^^^^^^^^^^^^^^^^^^^^^^^^^^^^^^^^^^^^^^^^^^^^^^^^^
  File "/home/muuo/Documents/SPMS/virtual/lib/python3.11/site-packages/django/views/decorators/csrf.py", line 65, in _view_wrapper
    return view_func(request, *args, **kwargs)
           ^^^^^^^^^^^^^^^^^^^^^^^^^^^^^^^^^^^
  File "/home/muuo/Documents/SPMS/virtual/lib/python3.11/site-packages/django/views/generic/base.py", line 104, in view
    return self.dispatch(request, *args, **kwargs)
           ^^^^^^^^^^^^^^^^^^^^^^^^^^^^^^^^^^^^^^^
  File "/home/muuo/Documents/SPMS/virtual/lib/python3.11/site-packages/rest_framework/views.py", line 515, in dispatch
    response = self.handle_exception(exc)
               ^^^^^^^^^^^^^^^^^^^^^^^^^^
  File "/home/muuo/Documents/SPMS/virtual/lib/python3.11/site-packages/rest_framework/views.py", line 475, in handle_exception
    self.raise_uncaught_exception(exc)
  File "/home/muuo/Documents/SPMS/virtual/lib/python3.11/site-packages/rest_framework/views.py", line 486, in raise_uncaught_exception
    raise exc
  File "/home/muuo/Documents/SPMS/virtual/lib/python3.11/site-packages/rest_framework/views.py", line 512, in dispatch
    response = handler(request, *args, **kwargs)
               ^^^^^^^^^^^^^^^^^^^^^^^^^^^^^^^^^
  File "/home/muuo/Documents/SPMS/spms/backend/views/lecturer.py", line 17, in get
    return Response(serializer.data)
                    ^^^^^^^^^^^^^^^
  File "/home/muuo/Documents/SPMS/virtual/lib/python3.11/site-packages/rest_framework/serializers.py", line 797, in data
    ret = super().data
          ^^^^^^^^^^^^
  File "/home/muuo/Documents/SPMS/virtual/lib/python3.11/site-packages/rest_framework/serializers.py", line 251, in data
    self._data = self.to_representation(self.instance)
                 ^^^^^^^^^^^^^^^^^^^^^^^^^^^^^^^^^^^^^
  File "/home/muuo/Documents/SPMS/virtual/lib/python3.11/site-packages/rest_framework/serializers.py", line 715, in to_representation
    return [
           ^
  File "/home/muuo/Documents/SPMS/virtual/lib/python3.11/site-packages/rest_framework/serializers.py", line 716, in <listcomp>
    self.child.to_representation(item) for item in iterable
    ^^^^^^^^^^^^^^^^^^^^^^^^^^^^^^^^^^
  File "/home/muuo/Documents/SPMS/virtual/lib/python3.11/site-packages/rest_framework/serializers.py", line 540, in to_representation
    ret[field.field_name] = field.to_representation(attribute)
                            ^^^^^^^^^^^^^^^^^^^^^^^^^^^^^^^^^^
  File "/home/muuo/Documents/SPMS/virtual/lib/python3.11/site-packages/rest_framework/fields.py", line 1870, in to_representation
    return method(value)
           ^^^^^^^^^^^^^
  File "/home/muuo/Documents/SPMS/spms/backend/serializers/project_serializer.py", line 19, in get_student_reg_no
    return getattr(obj.student.student, 'registration_number', None)
                   ^^^^^^^^^^^^^^^^^^^
  File "/home/muuo/Documents/SPMS/virtual/lib/python3.11/site-packages/django/db/models/fields/related_descriptors.py", line 531, in __get__
    raise self.RelatedObjectDoesNotExist(
backend.models.user.User.student.RelatedObjectDoesNotExist: User has no student.
"GET /api/lecturer/submitted-topics/ HTTP/1.1" 500 139400
/home/muuo/Documents/SPMS/spms/backend/serializers/project_serializer.py changed, reloading.
Watching for file changes with StatReloader
Internal Server Error: /api/lecturer/submitted-topics/
Traceback (most recent call last):
  File "/home/muuo/Documents/SPMS/virtual/lib/python3.11/site-packages/django/core/handlers/exception.py", line 55, in inner
    response = get_response(request)
               ^^^^^^^^^^^^^^^^^^^^^
  File "/home/muuo/Documents/SPMS/virtual/lib/python3.11/site-packages/django/core/handlers/base.py", line 197, in _get_response
    response = wrapped_callback(request, *callback_args, **callback_kwargs)
               ^^^^^^^^^^^^^^^^^^^^^^^^^^^^^^^^^^^^^^^^^^^^^^^^^^^^^^^^^^^^
  File "/home/muuo/Documents/SPMS/virtual/lib/python3.11/site-packages/django/views/decorators/csrf.py", line 65, in _view_wrapper
    return view_func(request, *args, **kwargs)
           ^^^^^^^^^^^^^^^^^^^^^^^^^^^^^^^^^^^
  File "/home/muuo/Documents/SPMS/virtual/lib/python3.11/site-packages/django/views/generic/base.py", line 104, in view
    return self.dispatch(request, *args, **kwargs)
           ^^^^^^^^^^^^^^^^^^^^^^^^^^^^^^^^^^^^^^^
  File "/home/muuo/Documents/SPMS/virtual/lib/python3.11/site-packages/rest_framework/views.py", line 515, in dispatch
    response = self.handle_exception(exc)
               ^^^^^^^^^^^^^^^^^^^^^^^^^^
  File "/home/muuo/Documents/SPMS/virtual/lib/python3.11/site-packages/rest_framework/views.py", line 475, in handle_exception
    self.raise_uncaught_exception(exc)
  File "/home/muuo/Documents/SPMS/virtual/lib/python3.11/site-packages/rest_framework/views.py", line 486, in raise_uncaught_exception
    raise exc
  File "/home/muuo/Documents/SPMS/virtual/lib/python3.11/site-packages/rest_framework/views.py", line 512, in dispatch
    response = handler(request, *args, **kwargs)
               ^^^^^^^^^^^^^^^^^^^^^^^^^^^^^^^^^
  File "/home/muuo/Documents/SPMS/spms/backend/views/lecturer.py", line 17, in get
    return Response(serializer.data)
                    ^^^^^^^^^^^^^^^
  File "/home/muuo/Documents/SPMS/virtual/lib/python3.11/site-packages/rest_framework/serializers.py", line 797, in data
    ret = super().data
          ^^^^^^^^^^^^
  File "/home/muuo/Documents/SPMS/virtual/lib/python3.11/site-packages/rest_framework/serializers.py", line 251, in data
    self._data = self.to_representation(self.instance)
                 ^^^^^^^^^^^^^^^^^^^^^^^^^^^^^^^^^^^^^
  File "/home/muuo/Documents/SPMS/virtual/lib/python3.11/site-packages/rest_framework/serializers.py", line 715, in to_representation
    return [
           ^
  File "/home/muuo/Documents/SPMS/virtual/lib/python3.11/site-packages/rest_framework/serializers.py", line 716, in <listcomp>
    self.child.to_representation(item) for item in iterable
    ^^^^^^^^^^^^^^^^^^^^^^^^^^^^^^^^^^
  File "/home/muuo/Documents/SPMS/virtual/lib/python3.11/site-packages/rest_framework/serializers.py", line 540, in to_representation
    ret[field.field_name] = field.to_representation(attribute)
                            ^^^^^^^^^^^^^^^^^^^^^^^^^^^^^^^^^^
  File "/home/muuo/Documents/SPMS/virtual/lib/python3.11/site-packages/rest_framework/fields.py", line 1870, in to_representation
    return method(value)
           ^^^^^^^^^^^^^
  File "/home/muuo/Documents/SPMS/spms/backend/serializers/project_serializer.py", line 19, in get_student_reg_no
    return getattr(obj.user.student, 'registration_number', None)
                   ^^^^^^^^
AttributeError: 'Project' object has no attribute 'user'
"GET /api/lecturer/submitted-topics/ HTTP/1.1" 500 134889
/home/muuo/Documents/SPMS/spms/backend/serializers/project_serializer.py changed, reloading.
Watching for file changes with StatReloader
Internal Server Error: /api/lecturer/submitted-topics/
Traceback (most recent call last):
  File "/home/muuo/Documents/SPMS/virtual/lib/python3.11/site-packages/django/core/handlers/exception.py", line 55, in inner
    response = get_response(request)
               ^^^^^^^^^^^^^^^^^^^^^
  File "/home/muuo/Documents/SPMS/virtual/lib/python3.11/site-packages/django/core/handlers/base.py", line 197, in _get_response
    response = wrapped_callback(request, *callback_args, **callback_kwargs)
               ^^^^^^^^^^^^^^^^^^^^^^^^^^^^^^^^^^^^^^^^^^^^^^^^^^^^^^^^^^^^
  File "/home/muuo/Documents/SPMS/virtual/lib/python3.11/site-packages/django/views/decorators/csrf.py", line 65, in _view_wrapper
    return view_func(request, *args, **kwargs)
           ^^^^^^^^^^^^^^^^^^^^^^^^^^^^^^^^^^^
  File "/home/muuo/Documents/SPMS/virtual/lib/python3.11/site-packages/django/views/generic/base.py", line 104, in view
    return self.dispatch(request, *args, **kwargs)
           ^^^^^^^^^^^^^^^^^^^^^^^^^^^^^^^^^^^^^^^
  File "/home/muuo/Documents/SPMS/virtual/lib/python3.11/site-packages/rest_framework/views.py", line 515, in dispatch
    response = self.handle_exception(exc)
               ^^^^^^^^^^^^^^^^^^^^^^^^^^
  File "/home/muuo/Documents/SPMS/virtual/lib/python3.11/site-packages/rest_framework/views.py", line 475, in handle_exception
    self.raise_uncaught_exception(exc)
  File "/home/muuo/Documents/SPMS/virtual/lib/python3.11/site-packages/rest_framework/views.py", line 486, in raise_uncaught_exception
    raise exc
  File "/home/muuo/Documents/SPMS/virtual/lib/python3.11/site-packages/rest_framework/views.py", line 512, in dispatch
    response = handler(request, *args, **kwargs)
               ^^^^^^^^^^^^^^^^^^^^^^^^^^^^^^^^^
  File "/home/muuo/Documents/SPMS/spms/backend/views/lecturer.py", line 17, in get
    return Response(serializer.data)
                    ^^^^^^^^^^^^^^^
  File "/home/muuo/Documents/SPMS/virtual/lib/python3.11/site-packages/rest_framework/serializers.py", line 797, in data
    ret = super().data
          ^^^^^^^^^^^^
  File "/home/muuo/Documents/SPMS/virtual/lib/python3.11/site-packages/rest_framework/serializers.py", line 251, in data
    self._data = self.to_representation(self.instance)
                 ^^^^^^^^^^^^^^^^^^^^^^^^^^^^^^^^^^^^^
  File "/home/muuo/Documents/SPMS/virtual/lib/python3.11/site-packages/rest_framework/serializers.py", line 715, in to_representation
    return [
           ^
  File "/home/muuo/Documents/SPMS/virtual/lib/python3.11/site-packages/rest_framework/serializers.py", line 716, in <listcomp>
    self.child.to_representation(item) for item in iterable
    ^^^^^^^^^^^^^^^^^^^^^^^^^^^^^^^^^^
  File "/home/muuo/Documents/SPMS/virtual/lib/python3.11/site-packages/rest_framework/serializers.py", line 540, in to_representation
    ret[field.field_name] = field.to_representation(attribute)
                            ^^^^^^^^^^^^^^^^^^^^^^^^^^^^^^^^^^
  File "/home/muuo/Documents/SPMS/virtual/lib/python3.11/site-packages/rest_framework/fields.py", line 1870, in to_representation
    return method(value)
           ^^^^^^^^^^^^^
  File "/home/muuo/Documents/SPMS/spms/backend/serializers/project_serializer.py", line 19, in get_student_reg_no
    return getattr(obj.student.student, 'registration_number', None)
                   ^^^^^^^^^^^^^^^^^^^
  File "/home/muuo/Documents/SPMS/virtual/lib/python3.11/site-packages/django/db/models/fields/related_descriptors.py", line 531, in __get__
    raise self.RelatedObjectDoesNotExist(
backend.models.user.User.student.RelatedObjectDoesNotExist: User has no student.
"GET /api/lecturer/submitted-topics/ HTTP/1.1" 500 139400
/home/muuo/Documents/SPMS/spms/backend/serializers/project_serializer.py changed, reloading.
Watching for file changes with StatReloader
/home/muuo/Documents/SPMS/spms/backend/serializers/project_serializer.py changed, reloading.
Watching for file changes with StatReloader
/home/muuo/Documents/SPMS/spms/backend/serializers/project_serializer.py changed, reloading.
Watching for file changes with StatReloader
/home/muuo/Documents/SPMS/spms/backend/serializers/project_serializer.py changed, reloading.
Watching for file changes with StatReloader
/home/muuo/Documents/SPMS/spms/backend/serializers/project_serializer.py changed, reloading.
Watching for file changes with StatReloader
"GET /api/lecturer/submitted-topics/ HTTP/1.1" 200 2030
"GET /admin/backend/student/ HTTP/1.1" 200 23696
"GET /admin/jsi18n/ HTTP/1.1" 200 3342
"GET /admin/backend/project/ HTTP/1.1" 200 18743
"GET /admin/jsi18n/ HTTP/1.1" 200 3342
"GET /admin/backend/project/6/change/ HTTP/1.1" 200 24334
"GET /admin/jsi18n/ HTTP/1.1" 200 3342
"GET /admin/backend/student/ HTTP/1.1" 200 23696
"GET /admin/jsi18n/ HTTP/1.1" 200 3342
"OPTIONS /api/login/ HTTP/1.1" 200 0
"POST /api/login/ HTTP/1.1" 200 101
"OPTIONS /api/lecturer/submitted-topics/ HTTP/1.1" 200 0
"GET /api/lecturer/submitted-topics/ HTTP/1.1" 200 2030
"OPTIONS /api/lecturer/supervisors/ HTTP/1.1" 200 0
"GET /api/lecturer/supervisors/ HTTP/1.1" 200 258
"OPTIONS /api/lecturer/topic/13/assign-supervisor/ HTTP/1.1" 200 0
"POST /api/lecturer/topic/13/assign-supervisor/ HTTP/1.1" 200 100
"GET /api/lecturer/submitted-topics/ HTTP/1.1" 200 2030
"GET /api/lecturer/supervisors/ HTTP/1.1" 200 258
"OPTIONS /api/lecturer/topic/12/approve/ HTTP/1.1" 200 0
"POST /api/lecturer/topic/12/approve/ HTTP/1.1" 200 30
"GET /api/lecturer/submitted-topics/ HTTP/1.1" 200 2031
"GET /api/lecturer/supervisors/ HTTP/1.1" 200 258
"OPTIONS /api/lecturer/topic/12/assign-supervisor/ HTTP/1.1" 200 0
"POST /api/lecturer/topic/12/assign-supervisor/ HTTP/1.1" 200 97
"GET /api/lecturer/submitted-topics/ HTTP/1.1" 200 2031
"GET /api/lecturer/supervisors/ HTTP/1.1" 200 258
"OPTIONS /api/lecturer/topic/8/approve/ HTTP/1.1" 200 0
"POST /api/lecturer/topic/8/approve/ HTTP/1.1" 200 30
"GET /api/lecturer/submitted-topics/ HTTP/1.1" 200 2032
"GET /api/lecturer/supervisors/ HTTP/1.1" 200 258
"POST /api/lecturer/topic/13/assign-supervisor/ HTTP/1.1" 200 100
"GET /api/lecturer/submitted-topics/ HTTP/1.1" 200 2032
"GET /api/lecturer/supervisors/ HTTP/1.1" 200 258
"POST /api/login/ HTTP/1.1" 200 100
"OPTIONS /api/dashboard/student/ HTTP/1.1" 200 0
"GET /api/dashboard/student/ HTTP/1.1" 200 225
"OPTIONS /api/projects/8/proposals HTTP/1.1" 200 0
Proposal upload attempt by user: bibs
Request data: <QueryDict: {'project_id': ['8'], 'proposal_file': [<InMemoryUploadedFile: proposal.docx (application/octet-stream)>]}>
Request files: <MultiValueDict: {'proposal_file': [<InMemoryUploadedFile: proposal.docx (application/octet-stream)>]}>
Proposal uploaded successfully: 9
"POST /api/projects/8/proposals HTTP/1.1" 201 746
"POST /api/login/ HTTP/1.1" 200 103
"OPTIONS /api/supervisor/assigned-projects/ HTTP/1.1" 200 0
"GET /api/supervisor/assigned-projects/ HTTP/1.1" 200 372
"POST /api/login/ HTTP/1.1" 200 103
"GET /api/supervisor/assigned-projects/ HTTP/1.1" 200 372
"GET /admin/backend/student/ HTTP/1.1" 200 23696
"GET /admin/jsi18n/ HTTP/1.1" 200 3342
Not Found: /favicon.ico
"GET /favicon.ico HTTP/1.1" 404 2674
"GET /admin/account/emailaddress/ HTTP/1.1" 200 16057
"GET /admin/backend/student/ HTTP/1.1" 200 23696
Not Found: /favicon.ico
"GET /favicon.ico HTTP/1.1" 404 2674
"GET /admin/account/emailaddress/ HTTP/1.1" 200 16057
Watching for file changes with StatReloader
Not Found: /api/supervisor/project/5/propoals/
"GET /api/supervisor/project/5/propoals/ HTTP/1.1" 404 27013
"GET /admin/backend/student/ HTTP/1.1" 200 23696
"GET /admin/jsi18n/ HTTP/1.1" 200 3342
"GET /admin/authtoken/tokenproxy/ HTTP/1.1" 200 26957
Not Found: /favicon.ico
"GET /favicon.ico HTTP/1.1" 404 2674
"GET /api/supervisor/assigned-projects/ HTTP/1.1" 200 372
/home/muuo/Documents/SPMS/spms/backend/serializers/project_serializer.py changed, reloading.
Watching for file changes with StatReloader
/home/muuo/Documents/SPMS/spms/backend/serializers/project_serializer.py changed, reloading.
Watching for file changes with StatReloader
/home/muuo/Documents/SPMS/spms/backend/serializers/project_serializer.py changed, reloading.
Watching for file changes with StatReloader
/home/muuo/Documents/SPMS/spms/backend/serializers/project_serializer.py changed, reloading.
Watching for file changes with StatReloader
/home/muuo/Documents/SPMS/spms/backend/serializers/project_serializer.py changed, reloading.
Watching for file changes with StatReloader
/home/muuo/Documents/SPMS/spms/backend/serializers/project_serializer.py changed, reloading.
Watching for file changes with StatReloader
/home/muuo/Documents/SPMS/spms/backend/serializers/project_serializer.py changed, reloading.
Watching for file changes with StatReloader
Watching for file changes with StatReloader
/home/muuo/Documents/SPMS/spms/backend/serializers/project_serializer.py changed, reloading.
Watching for file changes with StatReloader
Watching for file changes with StatReloader
"GET /api/supervisor/assigned-projects/ HTTP/1.1" 200 392
"GET /admin/authtoken/tokenproxy/ HTTP/1.1" 200 26957
Not Found: /favicon.ico
"GET /favicon.ico HTTP/1.1" 404 2674
"GET /admin/account/emailaddress/ HTTP/1.1" 200 16057
